  [1m[35m (18.5ms)[0m  [1m[35mCREATE DATABASE "rails_react_recipe_development" ENCODING = 'unicode'[0m
  [1m[35m (369.3ms)[0m  [1m[35mCREATE DATABASE "rails_react_recipe_development" ENCODING = 'unicode'[0m
  [1m[35m (284.4ms)[0m  [1m[35mCREATE DATABASE "rails_react_recipe_test" ENCODING = 'unicode'[0m
Started GET "/" for 127.0.0.1 at 2024-09-17 20:35:19 +0000
Processing by Rails::WelcomeController#index as HTML
  Rendering /home/paul/.rbenv/versions/3.1.6/lib/ruby/gems/3.1.0/gems/railties-7.0.8.4/lib/rails/templates/rails/welcome/index.html.erb
  Rendered /home/paul/.rbenv/versions/3.1.6/lib/ruby/gems/3.1.0/gems/railties-7.0.8.4/lib/rails/templates/rails/welcome/index.html.erb (Duration: 2.4ms | Allocations: 635)
Completed 200 OK in 50ms (Views: 9.4ms | ActiveRecord: 0.0ms | Allocations: 7034)


Started GET "/" for 127.0.0.1 at 2024-09-18 21:49:44 +0000
Processing by HomepageController#index as HTML
  Rendering layout layouts/application.html.erb
  Rendering homepage/index.html.erb within layouts/application
  Rendered homepage/index.html.erb within layouts/application (Duration: 3.3ms | Allocations: 334)
  Rendered layout layouts/application.html.erb (Duration: 956.0ms | Allocations: 98827)
Completed 200 OK in 989ms (Views: 959.8ms | ActiveRecord: 0.0ms | Allocations: 102899)


Started GET "/" for 127.0.0.1 at 2024-09-23 21:15:45 +0000
Processing by HomepageController#index as HTML
  Rendering layout layouts/application.html.erb
  Rendering homepage/index.html.erb within layouts/application
  Rendered homepage/index.html.erb within layouts/application (Duration: 1.0ms | Allocations: 319)
  Rendered layout layouts/application.html.erb (Duration: 174.0ms | Allocations: 22947)
Completed 200 OK in 200ms (Views: 183.5ms | ActiveRecord: 0.0ms | Allocations: 27020)


Started GET "/" for 127.0.0.1 at 2024-09-24 23:29:32 +0000
Processing by HomepageController#index as HTML
  Rendering layout layouts/application.html.erb
  Rendering homepage/index.html.erb within layouts/application
  Rendered homepage/index.html.erb within layouts/application (Duration: 1.5ms | Allocations: 319)
  Rendered layout layouts/application.html.erb (Duration: 1275.6ms | Allocations: 88889)
Completed 200 OK in 1310ms (Views: 1281.6ms | ActiveRecord: 0.0ms | Allocations: 92961)


Started GET "/" for 127.0.0.1 at 2024-09-24 23:30:01 +0000
Processing by HomepageController#index as HTML
  Rendering layout layouts/application.html.erb
  Rendering homepage/index.html.erb within layouts/application
  Rendered homepage/index.html.erb within layouts/application (Duration: 0.1ms | Allocations: 9)
  Rendered layout layouts/application.html.erb (Duration: 22.3ms | Allocations: 2639)
Completed 200 OK in 26ms (Views: 26.0ms | ActiveRecord: 0.0ms | Allocations: 2945)


Started GET "/index" for 127.0.0.1 at 2024-09-24 23:30:38 +0000
  
ActionController::RoutingError (No route matches [GET] "/index"):
  
Started GET "/" for 127.0.0.1 at 2024-09-25 21:50:52 +0000
Processing by HomepageController#index as HTML
  Rendering layout layouts/application.html.erb
  Rendering homepage/index.html.erb within layouts/application
  Rendered homepage/index.html.erb within layouts/application (Duration: 2.1ms | Allocations: 319)
  Rendered layout layouts/application.html.erb (Duration: 2883.1ms | Allocations: 66562)
Completed 200 OK in 2939ms (Views: 2888.7ms | ActiveRecord: 0.0ms | Allocations: 70634)


Started GET "/" for 127.0.0.1 at 2024-09-25 21:51:01 +0000
Processing by HomepageController#index as HTML
  Rendering layout layouts/application.html.erb
  Rendering homepage/index.html.erb within layouts/application
  Rendered homepage/index.html.erb within layouts/application (Duration: 0.0ms | Allocations: 9)
  Rendered layout layouts/application.html.erb (Duration: 7.6ms | Allocations: 2636)
Completed 200 OK in 11ms (Views: 11.0ms | ActiveRecord: 0.0ms | Allocations: 2942)


Started GET "/" for 127.0.0.1 at 2024-09-25 21:51:03 +0000
Processing by HomepageController#index as HTML
  Rendering layout layouts/application.html.erb
  Rendering homepage/index.html.erb within layouts/application
  Rendered homepage/index.html.erb within layouts/application (Duration: 0.0ms | Allocations: 7)
  Rendered layout layouts/application.html.erb (Duration: 9.5ms | Allocations: 2576)
Completed 200 OK in 11ms (Views: 10.6ms | ActiveRecord: 0.0ms | Allocations: 2824)


Started GET "/" for 127.0.0.1 at 2024-09-25 21:52:21 +0000
Processing by HomepageController#index as HTML
  Rendering layout layouts/application.html.erb
  Rendering homepage/index.html.erb within layouts/application
  Rendered homepage/index.html.erb within layouts/application (Duration: 0.0ms | Allocations: 7)
  Rendered layout layouts/application.html.erb (Duration: 8.3ms | Allocations: 2552)
Completed 200 OK in 9ms (Views: 9.1ms | ActiveRecord: 0.0ms | Allocations: 2800)


Started GET "/" for 127.0.0.1 at 2024-09-25 21:55:30 +0000
Processing by HomepageController#index as HTML
  Rendering layout layouts/application.html.erb
  Rendering homepage/index.html.erb within layouts/application
  Rendered homepage/index.html.erb within layouts/application (Duration: 4.6ms | Allocations: 319)
  Rendered layout layouts/application.html.erb (Duration: 1606.8ms | Allocations: 66912)
Completed 200 OK in 1644ms (Views: 1613.8ms | ActiveRecord: 0.0ms | Allocations: 70984)


  [1m[35m (554.4ms)[0m  [1m[35mCREATE TABLE "schema_migrations" ("version" character varying NOT NULL PRIMARY KEY)[0m
  [1m[35m (144.3ms)[0m  [1m[35mCREATE TABLE "ar_internal_metadata" ("key" character varying NOT NULL PRIMARY KEY, "value" character varying, "created_at" timestamp(6) NOT NULL, "updated_at" timestamp(6) NOT NULL)[0m
  [1m[35m (27.9ms)[0m  [1m[34mSELECT pg_try_advisory_lock(4756338405265642755)[0m
  [1m[36mActiveRecord::SchemaMigration Pluck (9.6ms)[0m  [1m[34mSELECT "schema_migrations"."version" FROM "schema_migrations" ORDER BY "schema_migrations"."version" ASC[0m
Migrating to CreateRecipes (20240930221449)
  [1m[35m (0.3ms)[0m  [1m[34mSELECT pg_advisory_unlock(4756338405265642755)[0m
  [1m[35m (0.2ms)[0m  [1m[34mSELECT pg_try_advisory_lock(4756338405265642755)[0m
  [1m[36mActiveRecord::SchemaMigration Pluck (0.4ms)[0m  [1m[34mSELECT "schema_migrations"."version" FROM "schema_migrations" ORDER BY "schema_migrations"."version" ASC[0m
Migrating to CreateRecipes (20240930221449)
  [1m[36mTRANSACTION (1.2ms)[0m  [1m[35mBEGIN[0m
  [1m[35m (179.8ms)[0m  [1m[35mCREATE TABLE "recipes" ("id" bigserial primary key, "name" character varying NOT NULL, "ingredients" text NOT NULL, "instruction" text NOT NULL, "image" character varying DEFAULT 'https://raw.githubusercontent.com/do-community/react_rails_recipe/master/app/assets/images/Sammy_Meal.jpg', "created_at" timestamp(6) NOT NULL, "updated_at" timestamp(6) NOT NULL)[0m
  [1m[36mActiveRecord::SchemaMigration Create (0.4ms)[0m  [1m[32mINSERT INTO "schema_migrations" ("version") VALUES ($1) RETURNING "version"[0m  [["version", "20240930221449"]]
  [1m[36mTRANSACTION (21.6ms)[0m  [1m[35mCOMMIT[0m
  [1m[36mActiveRecord::InternalMetadata Load (0.3ms)[0m  [1m[34mSELECT "ar_internal_metadata".* FROM "ar_internal_metadata" WHERE "ar_internal_metadata"."key" = $1 LIMIT $2[0m  [["key", "environment"], ["LIMIT", 1]]
  [1m[36mTRANSACTION (0.1ms)[0m  [1m[35mBEGIN[0m
  [1m[36mActiveRecord::InternalMetadata Create (17.1ms)[0m  [1m[32mINSERT INTO "ar_internal_metadata" ("key", "value", "created_at", "updated_at") VALUES ($1, $2, $3, $4) RETURNING "key"[0m  [["key", "environment"], ["value", "development"], ["created_at", "2024-09-30 22:25:50.104275"], ["updated_at", "2024-09-30 22:25:50.104275"]]
  [1m[36mTRANSACTION (1.4ms)[0m  [1m[35mCOMMIT[0m
  [1m[35m (0.3ms)[0m  [1m[34mSELECT pg_advisory_unlock(4756338405265642755)[0m
  [1m[36mActiveRecord::SchemaMigration Pluck (0.3ms)[0m  [1m[34mSELECT "schema_migrations"."version" FROM "schema_migrations" ORDER BY "schema_migrations"."version" ASC[0m
  [1m[36mActiveRecord::SchemaMigration Pluck (0.5ms)[0m  [1m[34mSELECT "schema_migrations"."version" FROM "schema_migrations" ORDER BY "schema_migrations"."version" ASC[0m
  [1m[36mTRANSACTION (0.2ms)[0m  [1m[35mBEGIN[0m
  [1m[36mRecipe Create (0.5ms)[0m  [1m[32mINSERT INTO "recipes" ("name", "ingredients", "instruction", "image", "created_at", "updated_at") VALUES ($1, $2, $3, $4, $5, $6) RETURNING "id"[0m  [["name", "Recipe 1"], ["ingredients", "227g tub clotted cream, 25g butter, 1 tsp cornflour,100g parmesan, grated nutmeg, 250g fresh fettuccine or tagliatelle, snipped chives or chopped parsley to serve (optional)"], ["instruction", "In a medium saucepan, stir the clotted cream, butter, and cornflour over a low-ish heat and bring to a low simmer. Turn off the heat and keep warm."], ["image", "https://raw.githubusercontent.com/do-community/react_rails_recipe/master/app/assets/images/Sammy_Meal.jpg"], ["created_at", "2024-09-30 22:54:54.364056"], ["updated_at", "2024-09-30 22:54:54.364056"]]
  [1m[36mTRANSACTION (19.9ms)[0m  [1m[35mCOMMIT[0m
  [1m[36mTRANSACTION (0.1ms)[0m  [1m[35mBEGIN[0m
  [1m[36mRecipe Create (0.3ms)[0m  [1m[32mINSERT INTO "recipes" ("name", "ingredients", "instruction", "image", "created_at", "updated_at") VALUES ($1, $2, $3, $4, $5, $6) RETURNING "id"[0m  [["name", "Recipe 2"], ["ingredients", "227g tub clotted cream, 25g butter, 1 tsp cornflour,100g parmesan, grated nutmeg, 250g fresh fettuccine or tagliatelle, snipped chives or chopped parsley to serve (optional)"], ["instruction", "In a medium saucepan, stir the clotted cream, butter, and cornflour over a low-ish heat and bring to a low simmer. Turn off the heat and keep warm."], ["image", "https://raw.githubusercontent.com/do-community/react_rails_recipe/master/app/assets/images/Sammy_Meal.jpg"], ["created_at", "2024-09-30 22:54:54.389852"], ["updated_at", "2024-09-30 22:54:54.389852"]]
  [1m[36mTRANSACTION (4.0ms)[0m  [1m[35mCOMMIT[0m
  [1m[36mTRANSACTION (0.2ms)[0m  [1m[35mBEGIN[0m
  [1m[36mRecipe Create (0.3ms)[0m  [1m[32mINSERT INTO "recipes" ("name", "ingredients", "instruction", "image", "created_at", "updated_at") VALUES ($1, $2, $3, $4, $5, $6) RETURNING "id"[0m  [["name", "Recipe 3"], ["ingredients", "227g tub clotted cream, 25g butter, 1 tsp cornflour,100g parmesan, grated nutmeg, 250g fresh fettuccine or tagliatelle, snipped chives or chopped parsley to serve (optional)"], ["instruction", "In a medium saucepan, stir the clotted cream, butter, and cornflour over a low-ish heat and bring to a low simmer. Turn off the heat and keep warm."], ["image", "https://raw.githubusercontent.com/do-community/react_rails_recipe/master/app/assets/images/Sammy_Meal.jpg"], ["created_at", "2024-09-30 22:54:54.398360"], ["updated_at", "2024-09-30 22:54:54.398360"]]
  [1m[36mTRANSACTION (38.4ms)[0m  [1m[35mCOMMIT[0m
  [1m[36mTRANSACTION (0.2ms)[0m  [1m[35mBEGIN[0m
  [1m[36mRecipe Create (0.3ms)[0m  [1m[32mINSERT INTO "recipes" ("name", "ingredients", "instruction", "image", "created_at", "updated_at") VALUES ($1, $2, $3, $4, $5, $6) RETURNING "id"[0m  [["name", "Recipe 4"], ["ingredients", "227g tub clotted cream, 25g butter, 1 tsp cornflour,100g parmesan, grated nutmeg, 250g fresh fettuccine or tagliatelle, snipped chives or chopped parsley to serve (optional)"], ["instruction", "In a medium saucepan, stir the clotted cream, butter, and cornflour over a low-ish heat and bring to a low simmer. Turn off the heat and keep warm."], ["image", "https://raw.githubusercontent.com/do-community/react_rails_recipe/master/app/assets/images/Sammy_Meal.jpg"], ["created_at", "2024-09-30 22:54:54.440359"], ["updated_at", "2024-09-30 22:54:54.440359"]]
  [1m[36mTRANSACTION (28.4ms)[0m  [1m[35mCOMMIT[0m
  [1m[36mTRANSACTION (0.4ms)[0m  [1m[35mBEGIN[0m
  [1m[36mRecipe Create (0.6ms)[0m  [1m[32mINSERT INTO "recipes" ("name", "ingredients", "instruction", "image", "created_at", "updated_at") VALUES ($1, $2, $3, $4, $5, $6) RETURNING "id"[0m  [["name", "Recipe 5"], ["ingredients", "227g tub clotted cream, 25g butter, 1 tsp cornflour,100g parmesan, grated nutmeg, 250g fresh fettuccine or tagliatelle, snipped chives or chopped parsley to serve (optional)"], ["instruction", "In a medium saucepan, stir the clotted cream, butter, and cornflour over a low-ish heat and bring to a low simmer. Turn off the heat and keep warm."], ["image", "https://raw.githubusercontent.com/do-community/react_rails_recipe/master/app/assets/images/Sammy_Meal.jpg"], ["created_at", "2024-09-30 22:54:54.475380"], ["updated_at", "2024-09-30 22:54:54.475380"]]
  [1m[36mTRANSACTION (64.8ms)[0m  [1m[35mCOMMIT[0m
  [1m[36mTRANSACTION (0.1ms)[0m  [1m[35mBEGIN[0m
  [1m[36mRecipe Create (0.3ms)[0m  [1m[32mINSERT INTO "recipes" ("name", "ingredients", "instruction", "image", "created_at", "updated_at") VALUES ($1, $2, $3, $4, $5, $6) RETURNING "id"[0m  [["name", "Recipe 6"], ["ingredients", "227g tub clotted cream, 25g butter, 1 tsp cornflour,100g parmesan, grated nutmeg, 250g fresh fettuccine or tagliatelle, snipped chives or chopped parsley to serve (optional)"], ["instruction", "In a medium saucepan, stir the clotted cream, butter, and cornflour over a low-ish heat and bring to a low simmer. Turn off the heat and keep warm."], ["image", "https://raw.githubusercontent.com/do-community/react_rails_recipe/master/app/assets/images/Sammy_Meal.jpg"], ["created_at", "2024-09-30 22:54:54.548931"], ["updated_at", "2024-09-30 22:54:54.548931"]]
  [1m[36mTRANSACTION (20.2ms)[0m  [1m[35mCOMMIT[0m
  [1m[36mTRANSACTION (0.2ms)[0m  [1m[35mBEGIN[0m
  [1m[36mRecipe Create (0.3ms)[0m  [1m[32mINSERT INTO "recipes" ("name", "ingredients", "instruction", "image", "created_at", "updated_at") VALUES ($1, $2, $3, $4, $5, $6) RETURNING "id"[0m  [["name", "Recipe 7"], ["ingredients", "227g tub clotted cream, 25g butter, 1 tsp cornflour,100g parmesan, grated nutmeg, 250g fresh fettuccine or tagliatelle, snipped chives or chopped parsley to serve (optional)"], ["instruction", "In a medium saucepan, stir the clotted cream, butter, and cornflour over a low-ish heat and bring to a low simmer. Turn off the heat and keep warm."], ["image", "https://raw.githubusercontent.com/do-community/react_rails_recipe/master/app/assets/images/Sammy_Meal.jpg"], ["created_at", "2024-09-30 22:54:54.573698"], ["updated_at", "2024-09-30 22:54:54.573698"]]
  [1m[36mTRANSACTION (20.9ms)[0m  [1m[35mCOMMIT[0m
  [1m[36mTRANSACTION (0.1ms)[0m  [1m[35mBEGIN[0m
  [1m[36mRecipe Create (0.3ms)[0m  [1m[32mINSERT INTO "recipes" ("name", "ingredients", "instruction", "image", "created_at", "updated_at") VALUES ($1, $2, $3, $4, $5, $6) RETURNING "id"[0m  [["name", "Recipe 8"], ["ingredients", "227g tub clotted cream, 25g butter, 1 tsp cornflour,100g parmesan, grated nutmeg, 250g fresh fettuccine or tagliatelle, snipped chives or chopped parsley to serve (optional)"], ["instruction", "In a medium saucepan, stir the clotted cream, butter, and cornflour over a low-ish heat and bring to a low simmer. Turn off the heat and keep warm."], ["image", "https://raw.githubusercontent.com/do-community/react_rails_recipe/master/app/assets/images/Sammy_Meal.jpg"], ["created_at", "2024-09-30 22:54:54.598744"], ["updated_at", "2024-09-30 22:54:54.598744"]]
  [1m[36mTRANSACTION (20.3ms)[0m  [1m[35mCOMMIT[0m
  [1m[36mTRANSACTION (0.1ms)[0m  [1m[35mBEGIN[0m
  [1m[36mRecipe Create (0.3ms)[0m  [1m[32mINSERT INTO "recipes" ("name", "ingredients", "instruction", "image", "created_at", "updated_at") VALUES ($1, $2, $3, $4, $5, $6) RETURNING "id"[0m  [["name", "Recipe 9"], ["ingredients", "227g tub clotted cream, 25g butter, 1 tsp cornflour,100g parmesan, grated nutmeg, 250g fresh fettuccine or tagliatelle, snipped chives or chopped parsley to serve (optional)"], ["instruction", "In a medium saucepan, stir the clotted cream, butter, and cornflour over a low-ish heat and bring to a low simmer. Turn off the heat and keep warm."], ["image", "https://raw.githubusercontent.com/do-community/react_rails_recipe/master/app/assets/images/Sammy_Meal.jpg"], ["created_at", "2024-09-30 22:54:54.623862"], ["updated_at", "2024-09-30 22:54:54.623862"]]
  [1m[36mTRANSACTION (20.7ms)[0m  [1m[35mCOMMIT[0m
Started GET "/recipes" for 127.0.0.1 at 2024-09-30 23:04:04 +0000
  [1m[36mActiveRecord::SchemaMigration Pluck (0.6ms)[0m  [1m[34mSELECT "schema_migrations"."version" FROM "schema_migrations" ORDER BY "schema_migrations"."version" ASC[0m
Processing by HomepageController#index as HTML
  Parameters: {"path"=>"recipes"}
  Rendering layout layouts/application.html.erb
  Rendering homepage/index.html.erb within layouts/application
  Rendered homepage/index.html.erb within layouts/application (Duration: 2.5ms | Allocations: 318)
  Rendered layout layouts/application.html.erb (Duration: 1247.0ms | Allocations: 67028)
Completed 200 OK in 1279ms (Views: 1250.4ms | ActiveRecord: 0.0ms | Allocations: 71097)


Started GET "/api/v1/recipes/index" for 127.0.0.1 at 2024-09-30 23:04:06 +0000
Processing by Api::V1::RecipesController#index as */*
  [1m[36mRecipe Load (53.4ms)[0m  [1m[34mSELECT "recipes".* FROM "recipes" ORDER BY "create_at" DESC[0m
  ↳ app/controllers/api/v1/recipes_controller.rb:6:in `index'
Completed 500 Internal Server Error in 104ms (ActiveRecord: 54.9ms | Allocations: 3672)


  
ActiveRecord::StatementInvalid (PG::UndefinedColumn: ERROR:  column "create_at" does not exist
LINE 1: SELECT "recipes".* FROM "recipes" ORDER BY "create_at" DESC
                                                   ^
HINT:  Perhaps you meant to reference the column "recipes.created_at".
):
  
app/controllers/api/v1/recipes_controller.rb:6:in `index'
Started GET "/recipes" for 127.0.0.1 at 2024-09-30 23:04:09 +0000
Processing by HomepageController#index as HTML
  Parameters: {"path"=>"recipes"}
  Rendering layout layouts/application.html.erb
  Rendering homepage/index.html.erb within layouts/application
  Rendered homepage/index.html.erb within layouts/application (Duration: 0.0ms | Allocations: 7)
  Rendered layout layouts/application.html.erb (Duration: 8.2ms | Allocations: 2764)
Completed 200 OK in 11ms (Views: 10.2ms | ActiveRecord: 0.0ms | Allocations: 3054)


Started GET "/recipes" for 127.0.0.1 at 2024-09-30 23:04:11 +0000
Processing by HomepageController#index as HTML
  Parameters: {"path"=>"recipes"}
  Rendering layout layouts/application.html.erb
  Rendering homepage/index.html.erb within layouts/application
  Rendered homepage/index.html.erb within layouts/application (Duration: 0.0ms | Allocations: 7)
  Rendered layout layouts/application.html.erb (Duration: 4.8ms | Allocations: 2558)
Completed 200 OK in 5ms (Views: 5.2ms | ActiveRecord: 0.0ms | Allocations: 2808)


Started GET "/api/v1/recipes/index" for 127.0.0.1 at 2024-09-30 23:04:11 +0000
Processing by Api::V1::RecipesController#index as */*
  [1m[36mRecipe Load (0.9ms)[0m  [1m[34mSELECT "recipes".* FROM "recipes" ORDER BY "create_at" DESC[0m
  ↳ app/controllers/api/v1/recipes_controller.rb:6:in `index'
Completed 500 Internal Server Error in 3ms (ActiveRecord: 0.9ms | Allocations: 1860)


  
ActiveRecord::StatementInvalid (PG::UndefinedColumn: ERROR:  column "create_at" does not exist
LINE 1: SELECT "recipes".* FROM "recipes" ORDER BY "create_at" DESC
                                                   ^
HINT:  Perhaps you meant to reference the column "recipes.created_at".
):
  
app/controllers/api/v1/recipes_controller.rb:6:in `index'
Started GET "/recipes" for 127.0.0.1 at 2024-09-30 23:04:12 +0000
Processing by HomepageController#index as HTML
  Parameters: {"path"=>"recipes"}
  Rendering layout layouts/application.html.erb
  Rendering homepage/index.html.erb within layouts/application
  Rendered homepage/index.html.erb within layouts/application (Duration: 0.0ms | Allocations: 7)
  Rendered layout layouts/application.html.erb (Duration: 4.4ms | Allocations: 2592)
Completed 200 OK in 5ms (Views: 4.9ms | ActiveRecord: 0.0ms | Allocations: 2843)


Started GET "/recipes" for 127.0.0.1 at 2024-09-30 23:04:14 +0000
Processing by HomepageController#index as HTML
  Parameters: {"path"=>"recipes"}
  Rendering layout layouts/application.html.erb
  Rendering homepage/index.html.erb within layouts/application
  Rendered homepage/index.html.erb within layouts/application (Duration: 0.1ms | Allocations: 7)
  Rendered layout layouts/application.html.erb (Duration: 15.6ms | Allocations: 2545)
Completed 200 OK in 17ms (Views: 16.6ms | ActiveRecord: 0.0ms | Allocations: 2792)


Started GET "/api/v1/recipes/index" for 127.0.0.1 at 2024-09-30 23:04:14 +0000
Processing by Api::V1::RecipesController#index as */*
  [1m[36mRecipe Load (0.7ms)[0m  [1m[34mSELECT "recipes".* FROM "recipes" ORDER BY "create_at" DESC[0m
  ↳ app/controllers/api/v1/recipes_controller.rb:6:in `index'
Completed 500 Internal Server Error in 5ms (ActiveRecord: 0.7ms | Allocations: 1768)


  
ActiveRecord::StatementInvalid (PG::UndefinedColumn: ERROR:  column "create_at" does not exist
LINE 1: SELECT "recipes".* FROM "recipes" ORDER BY "create_at" DESC
                                                   ^
HINT:  Perhaps you meant to reference the column "recipes.created_at".
):
  
app/controllers/api/v1/recipes_controller.rb:6:in `index'
Started GET "/recipes" for 127.0.0.1 at 2024-09-30 23:04:15 +0000
Processing by HomepageController#index as HTML
  Parameters: {"path"=>"recipes"}
  Rendering layout layouts/application.html.erb
  Rendering homepage/index.html.erb within layouts/application
  Rendered homepage/index.html.erb within layouts/application (Duration: 0.0ms | Allocations: 7)
  Rendered layout layouts/application.html.erb (Duration: 13.9ms | Allocations: 2582)
Completed 200 OK in 15ms (Views: 14.5ms | ActiveRecord: 0.0ms | Allocations: 2830)


Started GET "/api/v1/recipes/index" for 127.0.0.1 at 2024-09-30 23:04:16 +0000
Processing by Api::V1::RecipesController#index as */*
  [1m[36mRecipe Load (0.8ms)[0m  [1m[34mSELECT "recipes".* FROM "recipes" ORDER BY "create_at" DESC[0m
  ↳ app/controllers/api/v1/recipes_controller.rb:6:in `index'
Completed 500 Internal Server Error in 4ms (ActiveRecord: 0.8ms | Allocations: 1754)


  
ActiveRecord::StatementInvalid (PG::UndefinedColumn: ERROR:  column "create_at" does not exist
LINE 1: SELECT "recipes".* FROM "recipes" ORDER BY "create_at" DESC
                                                   ^
HINT:  Perhaps you meant to reference the column "recipes.created_at".
):
  
app/controllers/api/v1/recipes_controller.rb:6:in `index'
Started GET "/recipes" for 127.0.0.1 at 2024-09-30 23:04:17 +0000
Processing by HomepageController#index as HTML
  Parameters: {"path"=>"recipes"}
  Rendering layout layouts/application.html.erb
  Rendering homepage/index.html.erb within layouts/application
  Rendered homepage/index.html.erb within layouts/application (Duration: 0.0ms | Allocations: 7)
  Rendered layout layouts/application.html.erb (Duration: 10.9ms | Allocations: 2585)
Completed 200 OK in 12ms (Views: 11.5ms | ActiveRecord: 0.0ms | Allocations: 2833)


Started GET "/recipes" for 127.0.0.1 at 2024-09-30 23:04:52 +0000
Processing by HomepageController#index as HTML
  Parameters: {"path"=>"recipes"}
  Rendering layout layouts/application.html.erb
  Rendering homepage/index.html.erb within layouts/application
  Rendered homepage/index.html.erb within layouts/application (Duration: 0.0ms | Allocations: 7)
  Rendered layout layouts/application.html.erb (Duration: 55.0ms | Allocations: 2545)
Completed 200 OK in 56ms (Views: 55.7ms | ActiveRecord: 0.0ms | Allocations: 2792)


Started GET "/api/v1/recipes/index" for 127.0.0.1 at 2024-09-30 23:04:52 +0000
Processing by Api::V1::RecipesController#index as */*
  [1m[36mRecipe Load (13.3ms)[0m  [1m[34mSELECT "recipes".* FROM "recipes" ORDER BY "create_at" DESC[0m
  ↳ app/controllers/api/v1/recipes_controller.rb:6:in `index'
Completed 500 Internal Server Error in 23ms (ActiveRecord: 13.3ms | Allocations: 1754)


  
ActiveRecord::StatementInvalid (PG::UndefinedColumn: ERROR:  column "create_at" does not exist
LINE 1: SELECT "recipes".* FROM "recipes" ORDER BY "create_at" DESC
                                                   ^
HINT:  Perhaps you meant to reference the column "recipes.created_at".
):
  
app/controllers/api/v1/recipes_controller.rb:6:in `index'
Started GET "/recipes" for 127.0.0.1 at 2024-09-30 23:04:53 +0000
Processing by HomepageController#index as HTML
  Parameters: {"path"=>"recipes"}
  Rendering layout layouts/application.html.erb
  Rendering homepage/index.html.erb within layouts/application
  Rendered homepage/index.html.erb within layouts/application (Duration: 0.0ms | Allocations: 7)
  Rendered layout layouts/application.html.erb (Duration: 3.9ms | Allocations: 2582)
Completed 200 OK in 5ms (Views: 4.4ms | ActiveRecord: 0.0ms | Allocations: 2830)


Started GET "/api/v1/recipes/index" for 127.0.0.1 at 2024-09-30 23:04:54 +0000
Processing by Api::V1::RecipesController#index as */*
  [1m[36mRecipe Load (4.0ms)[0m  [1m[34mSELECT "recipes".* FROM "recipes" ORDER BY "create_at" DESC[0m
  ↳ app/controllers/api/v1/recipes_controller.rb:6:in `index'
Completed 500 Internal Server Error in 6ms (ActiveRecord: 4.0ms | Allocations: 1765)


  
ActiveRecord::StatementInvalid (PG::UndefinedColumn: ERROR:  column "create_at" does not exist
LINE 1: SELECT "recipes".* FROM "recipes" ORDER BY "create_at" DESC
                                                   ^
HINT:  Perhaps you meant to reference the column "recipes.created_at".
):
  
app/controllers/api/v1/recipes_controller.rb:6:in `index'
Started GET "/recipes" for 127.0.0.1 at 2024-09-30 23:04:55 +0000
Processing by HomepageController#index as HTML
  Parameters: {"path"=>"recipes"}
  Rendering layout layouts/application.html.erb
  Rendering homepage/index.html.erb within layouts/application
  Rendered homepage/index.html.erb within layouts/application (Duration: 0.0ms | Allocations: 7)
  Rendered layout layouts/application.html.erb (Duration: 5.5ms | Allocations: 2591)
Completed 200 OK in 7ms (Views: 6.7ms | ActiveRecord: 0.0ms | Allocations: 2839)


Started GET "/api/v1/recipes/index" for 127.0.0.1 at 2024-09-30 23:04:55 +0000
Processing by Api::V1::RecipesController#index as */*
  [1m[36mRecipe Load (3.5ms)[0m  [1m[34mSELECT "recipes".* FROM "recipes" ORDER BY "create_at" DESC[0m
  ↳ app/controllers/api/v1/recipes_controller.rb:6:in `index'
Completed 500 Internal Server Error in 14ms (ActiveRecord: 3.5ms | Allocations: 1754)


  
ActiveRecord::StatementInvalid (PG::UndefinedColumn: ERROR:  column "create_at" does not exist
LINE 1: SELECT "recipes".* FROM "recipes" ORDER BY "create_at" DESC
                                                   ^
HINT:  Perhaps you meant to reference the column "recipes.created_at".
):
  
app/controllers/api/v1/recipes_controller.rb:6:in `index'
Started GET "/recipes" for 127.0.0.1 at 2024-09-30 23:04:57 +0000
Processing by HomepageController#index as HTML
  Parameters: {"path"=>"recipes"}
  Rendering layout layouts/application.html.erb
  Rendering homepage/index.html.erb within layouts/application
  Rendered homepage/index.html.erb within layouts/application (Duration: 0.1ms | Allocations: 7)
  Rendered layout layouts/application.html.erb (Duration: 9.8ms | Allocations: 2588)
Completed 200 OK in 11ms (Views: 10.5ms | ActiveRecord: 0.0ms | Allocations: 2836)


Started GET "/api/v1/recipes/index" for 127.0.0.1 at 2024-09-30 23:04:57 +0000
Processing by Api::V1::RecipesController#index as */*
  [1m[36mRecipe Load (1.8ms)[0m  [1m[34mSELECT "recipes".* FROM "recipes" ORDER BY "create_at" DESC[0m
  ↳ app/controllers/api/v1/recipes_controller.rb:6:in `index'
Completed 500 Internal Server Error in 6ms (ActiveRecord: 1.8ms | Allocations: 1765)


  
ActiveRecord::StatementInvalid (PG::UndefinedColumn: ERROR:  column "create_at" does not exist
LINE 1: SELECT "recipes".* FROM "recipes" ORDER BY "create_at" DESC
                                                   ^
HINT:  Perhaps you meant to reference the column "recipes.created_at".
):
  
app/controllers/api/v1/recipes_controller.rb:6:in `index'
Started GET "/new_recipe" for 127.0.0.1 at 2024-09-30 23:04:58 +0000
Processing by HomepageController#index as HTML
  Parameters: {"path"=>"new_recipe"}
  Rendering layout layouts/application.html.erb
  Rendering homepage/index.html.erb within layouts/application
  Rendered homepage/index.html.erb within layouts/application (Duration: 0.0ms | Allocations: 7)
  Rendered layout layouts/application.html.erb (Duration: 6.8ms | Allocations: 7604)
Completed 200 OK in 10ms (Views: 9.4ms | ActiveRecord: 0.0ms | Allocations: 10533)


Started GET "/recipes" for 127.0.0.1 at 2024-09-30 23:04:59 +0000
Processing by HomepageController#index as HTML
  Parameters: {"path"=>"recipes"}
  Rendering layout layouts/application.html.erb
  Rendering homepage/index.html.erb within layouts/application
  Rendered homepage/index.html.erb within layouts/application (Duration: 0.0ms | Allocations: 7)
  Rendered layout layouts/application.html.erb (Duration: 14.1ms | Allocations: 2566)
Completed 200 OK in 15ms (Views: 14.7ms | ActiveRecord: 0.0ms | Allocations: 2813)


Started GET "/api/v1/recipes/index" for 127.0.0.1 at 2024-09-30 23:04:59 +0000
Processing by Api::V1::RecipesController#index as */*
  [1m[36mRecipe Load (1.8ms)[0m  [1m[34mSELECT "recipes".* FROM "recipes" ORDER BY "create_at" DESC[0m
  ↳ app/controllers/api/v1/recipes_controller.rb:6:in `index'
Completed 500 Internal Server Error in 10ms (ActiveRecord: 1.8ms | Allocations: 1754)


  
ActiveRecord::StatementInvalid (PG::UndefinedColumn: ERROR:  column "create_at" does not exist
LINE 1: SELECT "recipes".* FROM "recipes" ORDER BY "create_at" DESC
                                                   ^
HINT:  Perhaps you meant to reference the column "recipes.created_at".
):
  
app/controllers/api/v1/recipes_controller.rb:6:in `index'
Started GET "/recipe" for 127.0.0.1 at 2024-09-30 23:05:00 +0000
Processing by HomepageController#index as HTML
  Parameters: {"path"=>"recipe"}
  Rendering layout layouts/application.html.erb
  Rendering homepage/index.html.erb within layouts/application
  Rendered homepage/index.html.erb within layouts/application (Duration: 0.0ms | Allocations: 7)
  Rendered layout layouts/application.html.erb (Duration: 10.8ms | Allocations: 6877)
Completed 200 OK in 15ms (Views: 14.3ms | ActiveRecord: 0.0ms | Allocations: 9196)


Started GET "/" for 127.0.0.1 at 2024-09-30 23:08:00 +0000
  [1m[36mActiveRecord::SchemaMigration Pluck (0.4ms)[0m  [1m[34mSELECT "schema_migrations"."version" FROM "schema_migrations" ORDER BY "schema_migrations"."version" ASC[0m
Processing by HomepageController#index as HTML
  Rendering layout layouts/application.html.erb
  Rendering homepage/index.html.erb within layouts/application
  Rendered homepage/index.html.erb within layouts/application (Duration: 1.3ms | Allocations: 319)
  Rendered layout layouts/application.html.erb (Duration: 428.0ms | Allocations: 22730)
Completed 200 OK in 478ms (Views: 432.2ms | ActiveRecord: 0.0ms | Allocations: 26802)


Started GET "/recipes" for 127.0.0.1 at 2024-09-30 23:08:02 +0000
Processing by HomepageController#index as HTML
  Parameters: {"path"=>"recipes"}
  Rendering layout layouts/application.html.erb
  Rendering homepage/index.html.erb within layouts/application
  Rendered homepage/index.html.erb within layouts/application (Duration: 0.0ms | Allocations: 9)
  Rendered layout layouts/application.html.erb (Duration: 12.5ms | Allocations: 2763)
Completed 200 OK in 14ms (Views: 13.2ms | ActiveRecord: 0.0ms | Allocations: 3071)


Started GET "/api/v1/recipes/index" for 127.0.0.1 at 2024-09-30 23:08:02 +0000
Processing by Api::V1::RecipesController#index as */*
  [1m[36mRecipe Load (71.3ms)[0m  [1m[34mSELECT "recipes".* FROM "recipes" ORDER BY "recipes"."created_at" DESC[0m
  ↳ app/controllers/api/v1/recipes_controller.rb:6:in `index'
Completed 200 OK in 242ms (Views: 89.3ms | ActiveRecord: 76.0ms | Allocations: 8706)


Started GET "/recipe/8" for 127.0.0.1 at 2024-09-30 23:08:11 +0000
Processing by HomepageController#index as HTML
  Parameters: {"path"=>"recipe/8"}
  Rendering layout layouts/application.html.erb
  Rendering homepage/index.html.erb within layouts/application
  Rendered homepage/index.html.erb within layouts/application (Duration: 0.0ms | Allocations: 9)
  Rendered layout layouts/application.html.erb (Duration: 6.1ms | Allocations: 2741)
Completed 200 OK in 7ms (Views: 7.0ms | ActiveRecord: 0.0ms | Allocations: 3036)


Started GET "/recipe/8" for 127.0.0.1 at 2024-10-01 21:41:33 +0000
  [1m[36mActiveRecord::SchemaMigration Pluck (0.7ms)[0m  [1m[34mSELECT "schema_migrations"."version" FROM "schema_migrations" ORDER BY "schema_migrations"."version" ASC[0m
Processing by HomepageController#index as HTML
  Parameters: {"path"=>"recipe/8"}
  Rendering layout layouts/application.html.erb
  Rendering homepage/index.html.erb within layouts/application
  Rendered homepage/index.html.erb within layouts/application (Duration: 1.2ms | Allocations: 318)
  Rendered layout layouts/application.html.erb (Duration: 1710.3ms | Allocations: 67177)
Completed 200 OK in 1753ms (Views: 1714.8ms | ActiveRecord: 0.0ms | Allocations: 71246)


Started GET "/" for 127.0.0.1 at 2024-10-01 21:41:43 +0000
Processing by HomepageController#index as HTML
  Rendering layout layouts/application.html.erb
  Rendering homepage/index.html.erb within layouts/application
  Rendered homepage/index.html.erb within layouts/application (Duration: 0.0ms | Allocations: 9)
  Rendered layout layouts/application.html.erb (Duration: 330.9ms | Allocations: 2630)
Completed 200 OK in 332ms (Views: 332.0ms | ActiveRecord: 0.0ms | Allocations: 2936)


Started GET "/recipes" for 127.0.0.1 at 2024-10-01 21:41:45 +0000
Processing by HomepageController#index as HTML
  Parameters: {"path"=>"recipes"}
  Rendering layout layouts/application.html.erb
  Rendering homepage/index.html.erb within layouts/application
  Rendered homepage/index.html.erb within layouts/application (Duration: 0.3ms | Allocations: 7)
  Rendered layout layouts/application.html.erb (Duration: 35.2ms | Allocations: 2546)
Completed 200 OK in 37ms (Views: 36.4ms | ActiveRecord: 0.0ms | Allocations: 2796)


Started GET "/api/v1/recipes/index" for 127.0.0.1 at 2024-10-01 21:41:45 +0000
Processing by Api::V1::RecipesController#index as */*
  [1m[36mRecipe Load (1.1ms)[0m  [1m[34mSELECT "recipes".* FROM "recipes" ORDER BY "recipes"."created_at" DESC[0m
  ↳ app/controllers/api/v1/recipes_controller.rb:6:in `index'
Completed 200 OK in 386ms (Views: 230.2ms | ActiveRecord: 22.1ms | Allocations: 8686)


Started GET "/recipe/9" for 127.0.0.1 at 2024-10-01 21:41:49 +0000
Processing by HomepageController#index as HTML
  Parameters: {"path"=>"recipe/9"}
  Rendering layout layouts/application.html.erb
  Rendering homepage/index.html.erb within layouts/application
  Rendered homepage/index.html.erb within layouts/application (Duration: 0.1ms | Allocations: 9)
  Rendered layout layouts/application.html.erb (Duration: 5.6ms | Allocations: 2739)
Completed 200 OK in 8ms (Views: 6.8ms | ActiveRecord: 0.0ms | Allocations: 3031)


Started GET "/recipe/9" for 127.0.0.1 at 2024-10-01 21:42:48 +0000
Processing by HomepageController#index as HTML
  Parameters: {"path"=>"recipe/9"}
  Rendering layout layouts/application.html.erb
  Rendering homepage/index.html.erb within layouts/application
  Rendered homepage/index.html.erb within layouts/application (Duration: 0.0ms | Allocations: 7)
  Rendered layout layouts/application.html.erb (Duration: 69.7ms | Allocations: 2480)
Completed 200 OK in 72ms (Views: 71.5ms | ActiveRecord: 0.0ms | Allocations: 2728)


Started GET "/" for 127.0.0.1 at 2024-10-01 22:21:20 +0000
  [1m[36mActiveRecord::SchemaMigration Pluck (0.7ms)[0m  [1m[34mSELECT "schema_migrations"."version" FROM "schema_migrations" ORDER BY "schema_migrations"."version" ASC[0m
Processing by HomepageController#index as HTML
  Rendering layout layouts/application.html.erb
  Rendering homepage/index.html.erb within layouts/application
  Rendered homepage/index.html.erb within layouts/application (Duration: 2.3ms | Allocations: 319)
  Rendered layout layouts/application.html.erb (Duration: 1763.5ms | Allocations: 67128)
Completed 200 OK in 1834ms (Views: 1769.6ms | ActiveRecord: 0.0ms | Allocations: 71197)


Started GET "/recipes" for 127.0.0.1 at 2024-10-01 22:21:26 +0000
Processing by HomepageController#index as HTML
  Parameters: {"path"=>"recipes"}
  Rendering layout layouts/application.html.erb
  Rendering homepage/index.html.erb within layouts/application
  Rendered homepage/index.html.erb within layouts/application (Duration: 0.0ms | Allocations: 9)
  Rendered layout layouts/application.html.erb (Duration: 10.4ms | Allocations: 2666)
Completed 200 OK in 11ms (Views: 11.0ms | ActiveRecord: 0.0ms | Allocations: 2974)


Started GET "/api/v1/recipes/index" for 127.0.0.1 at 2024-10-01 22:21:26 +0000
Processing by Api::V1::RecipesController#index as */*
  [1m[36mRecipe Load (1.3ms)[0m  [1m[34mSELECT "recipes".* FROM "recipes" ORDER BY "recipes"."created_at" DESC[0m
  ↳ app/controllers/api/v1/recipes_controller.rb:6:in `index'
Completed 200 OK in 168ms (Views: 99.0ms | ActiveRecord: 20.0ms | Allocations: 8667)


Started GET "/recipe/9" for 127.0.0.1 at 2024-10-01 22:21:28 +0000
Processing by HomepageController#index as HTML
  Parameters: {"path"=>"recipe/9"}
  Rendering layout layouts/application.html.erb
  Rendering homepage/index.html.erb within layouts/application
  Rendered homepage/index.html.erb within layouts/application (Duration: 0.0ms | Allocations: 9)
  Rendered layout layouts/application.html.erb (Duration: 11.9ms | Allocations: 2736)
Completed 200 OK in 13ms (Views: 12.4ms | ActiveRecord: 0.0ms | Allocations: 3032)


Started GET "/recipe/9" for 127.0.0.1 at 2024-10-01 22:21:33 +0000
Processing by HomepageController#index as HTML
  Parameters: {"path"=>"recipe/9"}
  Rendering layout layouts/application.html.erb
  Rendering homepage/index.html.erb within layouts/application
  Rendered homepage/index.html.erb within layouts/application (Duration: 0.0ms | Allocations: 7)
  Rendered layout layouts/application.html.erb (Duration: 15.6ms | Allocations: 2470)
Completed 200 OK in 16ms (Views: 16.1ms | ActiveRecord: 0.0ms | Allocations: 2718)


Started GET "/recipe/9" for 127.0.0.1 at 2024-10-01 22:25:29 +0000
  [1m[36mActiveRecord::SchemaMigration Pluck (0.5ms)[0m  [1m[34mSELECT "schema_migrations"."version" FROM "schema_migrations" ORDER BY "schema_migrations"."version" ASC[0m
Processing by HomepageController#index as HTML
  Parameters: {"path"=>"recipe/9"}
  Rendering layout layouts/application.html.erb
  Rendering homepage/index.html.erb within layouts/application
  Rendered homepage/index.html.erb within layouts/application (Duration: 2.9ms | Allocations: 318)
  Rendered layout layouts/application.html.erb (Duration: 2208.4ms | Allocations: 67369)
Completed 200 OK in 2256ms (Views: 2212.1ms | ActiveRecord: 0.0ms | Allocations: 71438)


Started GET "/api/v1/show/$params.id" for 127.0.0.1 at 2024-10-01 22:25:32 +0000
Processing by Api::V1::RecipesController#show as */*
  Parameters: {"id"=>"$params"}
  [1m[36mRecipe Load (1.4ms)[0m  [1m[34mSELECT "recipes".* FROM "recipes" WHERE "recipes"."id" = $1 LIMIT $2[0m  [["id", nil], ["LIMIT", 1]]
  ↳ app/controllers/api/v1/recipes_controller.rb:34:in `set_recipe'
Completed 404 Not Found in 83ms (ActiveRecord: 12.8ms | Allocations: 4716)


  
ActiveRecord::RecordNotFound (Couldn't find Recipe with 'id'=$params):
  
app/controllers/api/v1/recipes_controller.rb:34:in `set_recipe'
Started GET "/api/v1/recipes/index" for 127.0.0.1 at 2024-10-01 22:25:33 +0000
Processing by Api::V1::RecipesController#index as */*
  [1m[36mRecipe Load (2.1ms)[0m  [1m[34mSELECT "recipes".* FROM "recipes" ORDER BY "recipes"."created_at" DESC[0m
  ↳ app/controllers/api/v1/recipes_controller.rb:6:in `index'
Completed 200 OK in 100ms (Views: 97.5ms | ActiveRecord: 2.1ms | Allocations: 6783)


Started GET "/recipe/6" for 127.0.0.1 at 2024-10-01 22:25:35 +0000
Processing by HomepageController#index as HTML
  Parameters: {"path"=>"recipe/6"}
  Rendering layout layouts/application.html.erb
  Rendering homepage/index.html.erb within layouts/application
  Rendered homepage/index.html.erb within layouts/application (Duration: 0.0ms | Allocations: 9)
  Rendered layout layouts/application.html.erb (Duration: 11.6ms | Allocations: 2754)
Completed 200 OK in 13ms (Views: 12.6ms | ActiveRecord: 0.0ms | Allocations: 3051)


Started GET "/api/v1/show/$params.id" for 127.0.0.1 at 2024-10-01 22:25:36 +0000
Processing by Api::V1::RecipesController#show as */*
  Parameters: {"id"=>"$params"}
  [1m[36mRecipe Load (0.8ms)[0m  [1m[34mSELECT "recipes".* FROM "recipes" WHERE "recipes"."id" = $1 LIMIT $2[0m  [["id", nil], ["LIMIT", 1]]
  ↳ app/controllers/api/v1/recipes_controller.rb:34:in `set_recipe'
Completed 404 Not Found in 11ms (ActiveRecord: 0.8ms | Allocations: 1035)


  
ActiveRecord::RecordNotFound (Couldn't find Recipe with 'id'=$params):
  
app/controllers/api/v1/recipes_controller.rb:34:in `set_recipe'
Started GET "/api/v1/recipes/index" for 127.0.0.1 at 2024-10-01 22:25:36 +0000
Processing by Api::V1::RecipesController#index as */*
  [1m[36mRecipe Load (0.3ms)[0m  [1m[34mSELECT "recipes".* FROM "recipes" ORDER BY "recipes"."created_at" DESC[0m
  ↳ app/controllers/api/v1/recipes_controller.rb:6:in `index'
Completed 200 OK in 15ms (Views: 11.6ms | ActiveRecord: 0.3ms | Allocations: 1843)


Started GET "/recipe/9" for 127.0.0.1 at 2024-10-01 22:27:56 +0000
Started GET "/api/v1/show/$params.id" for 127.0.0.1 at 2024-10-01 22:27:56 +0000
  [1m[36mActiveRecord::SchemaMigration Pluck (0.9ms)[0m  [1m[34mSELECT "schema_migrations"."version" FROM "schema_migrations" ORDER BY "schema_migrations"."version" ASC[0m
Processing by HomepageController#index as HTML
  Parameters: {"path"=>"recipe/9"}
Processing by Api::V1::RecipesController#show as */*
  Parameters: {"id"=>"$params"}
  Rendering layout layouts/application.html.erb
  Rendering homepage/index.html.erb within layouts/application
  Rendered homepage/index.html.erb within layouts/application (Duration: 1.3ms | Allocations: 504)
  [1m[36mRecipe Load (1.9ms)[0m  [1m[34mSELECT "recipes".* FROM "recipes" WHERE "recipes"."id" = $1 LIMIT $2[0m  [["id", nil], ["LIMIT", 1]]
  ↳ app/controllers/api/v1/recipes_controller.rb:34:in `set_recipe'
Completed 404 Not Found in 43ms (ActiveRecord: 23.1ms | Allocations: 13469)


  
ActiveRecord::RecordNotFound (Couldn't find Recipe with 'id'=$params):
  
app/controllers/api/v1/recipes_controller.rb:34:in `set_recipe'
Started GET "/api/v1/recipes/index" for 127.0.0.1 at 2024-10-01 22:27:56 +0000
Processing by Api::V1::RecipesController#index as */*
  [1m[36mRecipe Load (0.5ms)[0m  [1m[34mSELECT "recipes".* FROM "recipes" ORDER BY "recipes"."created_at" DESC[0m
  ↳ app/controllers/api/v1/recipes_controller.rb:6:in `index'
Completed 200 OK in 17ms (Views: 15.4ms | ActiveRecord: 0.5ms | Allocations: 6839)


  Rendered layout layouts/application.html.erb (Duration: 1534.6ms | Allocations: 219384)
Completed 200 OK in 1550ms (Views: 1538.3ms | ActiveRecord: 0.0ms | Allocations: 225719)


Started GET "/recipe/9" for 127.0.0.1 at 2024-10-01 22:28:51 +0000
Started GET "/api/v1/show/$params.id" for 127.0.0.1 at 2024-10-01 22:28:51 +0000
  [1m[36mActiveRecord::SchemaMigration Pluck (2.5ms)[0m  [1m[34mSELECT "schema_migrations"."version" FROM "schema_migrations" ORDER BY "schema_migrations"."version" ASC[0m
Processing by HomepageController#index as HTML
Processing by Api::V1::RecipesController#show as */*
  Parameters: {"id"=>"$params"}
  Parameters: {"path"=>"recipe/9"}
  Rendering layout layouts/application.html.erb
  Rendering homepage/index.html.erb within layouts/application
  Rendered homepage/index.html.erb within layouts/application (Duration: 0.8ms | Allocations: 316)
  [1m[36mRecipe Load (0.9ms)[0m  [1m[34mSELECT "recipes".* FROM "recipes" WHERE "recipes"."id" = $1 LIMIT $2[0m  [["id", nil], ["LIMIT", 1]]
  ↳ app/controllers/api/v1/recipes_controller.rb:34:in `set_recipe'
Completed 404 Not Found in 64ms (ActiveRecord: 32.0ms | Allocations: 10732)


  
ActiveRecord::RecordNotFound (Couldn't find Recipe with 'id'=$params):
  
app/controllers/api/v1/recipes_controller.rb:34:in `set_recipe'
  Rendered layout layouts/application.html.erb (Duration: 448.7ms | Allocations: 163548)
Completed 200 OK in 496ms (Views: 460.1ms | ActiveRecord: 0.0ms | Allocations: 169128)


Started GET "/api/v1/recipes/index" for 127.0.0.1 at 2024-10-01 22:28:51 +0000
Processing by Api::V1::RecipesController#index as */*
  [1m[36mRecipe Load (2.8ms)[0m  [1m[34mSELECT "recipes".* FROM "recipes" ORDER BY "recipes"."created_at" DESC[0m
  ↳ app/controllers/api/v1/recipes_controller.rb:6:in `index'
Completed 200 OK in 40ms (Views: 33.5ms | ActiveRecord: 2.8ms | Allocations: 6794)


Started GET "/api/v1/show/$params.id" for 127.0.0.1 at 2024-10-01 22:28:56 +0000
Processing by Api::V1::RecipesController#show as */*
  Parameters: {"id"=>"$params"}
  [1m[36mRecipe Load (0.3ms)[0m  [1m[34mSELECT "recipes".* FROM "recipes" WHERE "recipes"."id" = $1 LIMIT $2[0m  [["id", nil], ["LIMIT", 1]]
  ↳ app/controllers/api/v1/recipes_controller.rb:34:in `set_recipe'
Completed 404 Not Found in 5ms (ActiveRecord: 0.3ms | Allocations: 1050)


  
ActiveRecord::RecordNotFound (Couldn't find Recipe with 'id'=$params):
  
app/controllers/api/v1/recipes_controller.rb:34:in `set_recipe'
Started GET "/api/v1/recipes/index" for 127.0.0.1 at 2024-10-01 22:28:56 +0000
Processing by Api::V1::RecipesController#index as */*
  [1m[36mRecipe Load (0.9ms)[0m  [1m[34mSELECT "recipes".* FROM "recipes" ORDER BY "recipes"."created_at" DESC[0m
  ↳ app/controllers/api/v1/recipes_controller.rb:6:in `index'
Completed 200 OK in 7ms (Views: 4.8ms | ActiveRecord: 0.9ms | Allocations: 1856)


Started GET "/" for 127.0.0.1 at 2024-10-01 22:29:01 +0000
Processing by HomepageController#index as HTML
  Rendering layout layouts/application.html.erb
  Rendering homepage/index.html.erb within layouts/application
  Rendered homepage/index.html.erb within layouts/application (Duration: 0.0ms | Allocations: 7)
  Rendered layout layouts/application.html.erb (Duration: 7.0ms | Allocations: 2717)
Completed 200 OK in 10ms (Views: 10.1ms | ActiveRecord: 0.0ms | Allocations: 2976)


Started GET "/recipes" for 127.0.0.1 at 2024-10-01 22:29:03 +0000
Processing by HomepageController#index as HTML
  Parameters: {"path"=>"recipes"}
  Rendering layout layouts/application.html.erb
  Rendering homepage/index.html.erb within layouts/application
  Rendered homepage/index.html.erb within layouts/application (Duration: 0.0ms | Allocations: 7)
  Rendered layout layouts/application.html.erb (Duration: 6.5ms | Allocations: 2563)
Completed 200 OK in 8ms (Views: 7.3ms | ActiveRecord: 0.0ms | Allocations: 2810)


Started GET "/api/v1/recipes/index" for 127.0.0.1 at 2024-10-01 22:29:03 +0000
Processing by Api::V1::RecipesController#index as */*
  [1m[36mRecipe Load (0.2ms)[0m  [1m[34mSELECT "recipes".* FROM "recipes" ORDER BY "recipes"."created_at" DESC[0m
  ↳ app/controllers/api/v1/recipes_controller.rb:6:in `index'
Completed 200 OK in 5ms (Views: 4.5ms | ActiveRecord: 0.2ms | Allocations: 1805)


Started GET "/recipe/8" for 127.0.0.1 at 2024-10-01 22:29:04 +0000
Processing by HomepageController#index as HTML
  Parameters: {"path"=>"recipe/8"}
  Rendering layout layouts/application.html.erb
  Rendering homepage/index.html.erb within layouts/application
  Rendered homepage/index.html.erb within layouts/application (Duration: 0.0ms | Allocations: 7)
  Rendered layout layouts/application.html.erb (Duration: 14.5ms | Allocations: 2558)
Completed 200 OK in 17ms (Views: 16.5ms | ActiveRecord: 0.0ms | Allocations: 2806)


Started GET "/recipes" for 127.0.0.1 at 2024-10-01 22:29:14 +0000
Processing by HomepageController#index as HTML
  Parameters: {"path"=>"recipes"}
  Rendering layout layouts/application.html.erb
  Rendering homepage/index.html.erb within layouts/application
  Rendered homepage/index.html.erb within layouts/application (Duration: 0.0ms | Allocations: 7)
  Rendered layout layouts/application.html.erb (Duration: 12.8ms | Allocations: 2554)
Completed 200 OK in 13ms (Views: 13.2ms | ActiveRecord: 0.0ms | Allocations: 2799)


Started GET "/api/v1/recipes/index" for 127.0.0.1 at 2024-10-01 22:29:14 +0000
Processing by Api::V1::RecipesController#index as */*
  [1m[36mRecipe Load (1.2ms)[0m  [1m[34mSELECT "recipes".* FROM "recipes" ORDER BY "recipes"."created_at" DESC[0m
  ↳ app/controllers/api/v1/recipes_controller.rb:6:in `index'
Completed 200 OK in 15ms (Views: 9.5ms | ActiveRecord: 1.2ms | Allocations: 1807)


Started GET "/recipe/9" for 127.0.0.1 at 2024-10-01 22:29:15 +0000
Processing by HomepageController#index as HTML
  Parameters: {"path"=>"recipe/9"}
  Rendering layout layouts/application.html.erb
  Rendering homepage/index.html.erb within layouts/application
  Rendered homepage/index.html.erb within layouts/application (Duration: 0.0ms | Allocations: 7)
  Rendered layout layouts/application.html.erb (Duration: 3.9ms | Allocations: 2566)
Completed 200 OK in 5ms (Views: 4.4ms | ActiveRecord: 0.0ms | Allocations: 2813)


Started GET "/recipes" for 127.0.0.1 at 2024-10-01 22:29:22 +0000
Processing by HomepageController#index as HTML
  Parameters: {"path"=>"recipes"}
  Rendering layout layouts/application.html.erb
  Rendering homepage/index.html.erb within layouts/application
  Rendered homepage/index.html.erb within layouts/application (Duration: 0.0ms | Allocations: 7)
  Rendered layout layouts/application.html.erb (Duration: 9.4ms | Allocations: 2548)
Completed 200 OK in 10ms (Views: 10.0ms | ActiveRecord: 0.0ms | Allocations: 2793)


Started GET "/api/v1/recipes/index" for 127.0.0.1 at 2024-10-01 22:29:22 +0000
Processing by Api::V1::RecipesController#index as */*
  [1m[36mRecipe Load (2.7ms)[0m  [1m[34mSELECT "recipes".* FROM "recipes" ORDER BY "recipes"."created_at" DESC[0m
  ↳ app/controllers/api/v1/recipes_controller.rb:6:in `index'
Completed 200 OK in 17ms (Views: 8.4ms | ActiveRecord: 2.7ms | Allocations: 1795)


Started GET "/recipe/7" for 127.0.0.1 at 2024-10-01 22:29:23 +0000
Processing by HomepageController#index as HTML
  Parameters: {"path"=>"recipe/7"}
  Rendering layout layouts/application.html.erb
  Rendering homepage/index.html.erb within layouts/application
  Rendered homepage/index.html.erb within layouts/application (Duration: 0.0ms | Allocations: 7)
  Rendered layout layouts/application.html.erb (Duration: 9.0ms | Allocations: 2551)
Completed 200 OK in 10ms (Views: 10.1ms | ActiveRecord: 0.0ms | Allocations: 2798)


Started GET "/recipe/7" for 127.0.0.1 at 2024-10-01 22:29:54 +0000
Processing by HomepageController#index as HTML
  Parameters: {"path"=>"recipe/7"}
  Rendering layout layouts/application.html.erb
  Rendering homepage/index.html.erb within layouts/application
  Rendered homepage/index.html.erb within layouts/application (Duration: 0.0ms | Allocations: 7)
  Rendered layout layouts/application.html.erb (Duration: 7.8ms | Allocations: 2554)
Completed 200 OK in 9ms (Views: 8.5ms | ActiveRecord: 0.0ms | Allocations: 2799)


Started GET "/recipe/7" for 127.0.0.1 at 2024-10-01 22:31:27 +0000
Processing by HomepageController#index as HTML
  Parameters: {"path"=>"recipe/7"}
  Rendering layout layouts/application.html.erb
  Rendering homepage/index.html.erb within layouts/application
  Rendered homepage/index.html.erb within layouts/application (Duration: 0.0ms | Allocations: 7)
  Rendered layout layouts/application.html.erb (Duration: 447.8ms | Allocations: 43984)
Completed 200 OK in 449ms (Views: 448.7ms | ActiveRecord: 0.0ms | Allocations: 44229)


Started GET "/recipe/7" for 127.0.0.1 at 2024-10-01 22:31:32 +0000
Processing by HomepageController#index as HTML
  Parameters: {"path"=>"recipe/7"}
  Rendering layout layouts/application.html.erb
  Rendering homepage/index.html.erb within layouts/application
  Rendered homepage/index.html.erb within layouts/application (Duration: 0.5ms | Allocations: 7)
  Rendered layout layouts/application.html.erb (Duration: 12.4ms | Allocations: 2572)
Completed 200 OK in 13ms (Views: 13.2ms | ActiveRecord: 0.0ms | Allocations: 2818)


Started GET "/api/v1/show/$params.id" for 127.0.0.1 at 2024-10-01 22:31:33 +0000
Processing by Api::V1::RecipesController#show as */*
  Parameters: {"id"=>"$params"}
  [1m[36mRecipe Load (1.5ms)[0m  [1m[34mSELECT "recipes".* FROM "recipes" WHERE "recipes"."id" = $1 LIMIT $2[0m  [["id", nil], ["LIMIT", 1]]
  ↳ app/controllers/api/v1/recipes_controller.rb:34:in `set_recipe'
Completed 404 Not Found in 19ms (ActiveRecord: 1.5ms | Allocations: 952)


  
ActiveRecord::RecordNotFound (Couldn't find Recipe with 'id'=$params):
  
app/controllers/api/v1/recipes_controller.rb:34:in `set_recipe'
Started GET "/api/v1/recipes/index" for 127.0.0.1 at 2024-10-01 22:31:33 +0000
Processing by Api::V1::RecipesController#index as */*
  [1m[36mRecipe Load (0.3ms)[0m  [1m[34mSELECT "recipes".* FROM "recipes" ORDER BY "recipes"."created_at" DESC[0m
  ↳ app/controllers/api/v1/recipes_controller.rb:6:in `index'
Completed 200 OK in 5ms (Views: 3.9ms | ActiveRecord: 0.3ms | Allocations: 1795)


Started GET "/recipe/9" for 127.0.0.1 at 2024-10-01 22:31:35 +0000
Processing by HomepageController#index as HTML
  Parameters: {"path"=>"recipe/9"}
  Rendering layout layouts/application.html.erb
  Rendering homepage/index.html.erb within layouts/application
  Rendered homepage/index.html.erb within layouts/application (Duration: 0.0ms | Allocations: 7)
  Rendered layout layouts/application.html.erb (Duration: 4.8ms | Allocations: 2595)
Completed 200 OK in 7ms (Views: 5.8ms | ActiveRecord: 0.0ms | Allocations: 2843)


Started GET "/api/v1/show/$params.id" for 127.0.0.1 at 2024-10-01 22:31:35 +0000
Processing by Api::V1::RecipesController#show as */*
  Parameters: {"id"=>"$params"}
  [1m[36mRecipe Load (2.2ms)[0m  [1m[34mSELECT "recipes".* FROM "recipes" WHERE "recipes"."id" = $1 LIMIT $2[0m  [["id", nil], ["LIMIT", 1]]
  ↳ app/controllers/api/v1/recipes_controller.rb:34:in `set_recipe'
Completed 404 Not Found in 9ms (ActiveRecord: 2.2ms | Allocations: 951)


  
ActiveRecord::RecordNotFound (Couldn't find Recipe with 'id'=$params):
  
app/controllers/api/v1/recipes_controller.rb:34:in `set_recipe'
Started GET "/api/v1/recipes/index" for 127.0.0.1 at 2024-10-01 22:31:36 +0000
Processing by Api::V1::RecipesController#index as */*
  [1m[36mRecipe Load (0.2ms)[0m  [1m[34mSELECT "recipes".* FROM "recipes" ORDER BY "recipes"."created_at" DESC[0m
  ↳ app/controllers/api/v1/recipes_controller.rb:6:in `index'
Completed 200 OK in 8ms (Views: 5.3ms | ActiveRecord: 0.2ms | Allocations: 1795)


Started GET "/recipe/9" for 127.0.0.1 at 2024-10-01 22:31:36 +0000
Processing by HomepageController#index as HTML
  Parameters: {"path"=>"recipe/9"}
  Rendering layout layouts/application.html.erb
  Rendering homepage/index.html.erb within layouts/application
  Rendered homepage/index.html.erb within layouts/application (Duration: 0.0ms | Allocations: 7)
  Rendered layout layouts/application.html.erb (Duration: 10.2ms | Allocations: 2595)
Completed 200 OK in 12ms (Views: 11.7ms | ActiveRecord: 0.0ms | Allocations: 2843)


Started GET "/recipe/8" for 127.0.0.1 at 2024-10-01 22:31:37 +0000
Processing by HomepageController#index as HTML
  Parameters: {"path"=>"recipe/8"}
  Rendering layout layouts/application.html.erb
  Rendering homepage/index.html.erb within layouts/application
  Rendered homepage/index.html.erb within layouts/application (Duration: 0.0ms | Allocations: 7)
  Rendered layout layouts/application.html.erb (Duration: 3.9ms | Allocations: 2548)
Completed 200 OK in 5ms (Views: 4.6ms | ActiveRecord: 0.0ms | Allocations: 2795)


Started GET "/recipe/2" for 127.0.0.1 at 2024-10-01 22:32:26 +0000
Processing by HomepageController#index as HTML
  Parameters: {"path"=>"recipe/2"}
  Rendering layout layouts/application.html.erb
  Rendering homepage/index.html.erb within layouts/application
  Rendered homepage/index.html.erb within layouts/application (Duration: 0.0ms | Allocations: 7)
  Rendered layout layouts/application.html.erb (Duration: 5.2ms | Allocations: 2557)
Completed 200 OK in 6ms (Views: 5.6ms | ActiveRecord: 0.0ms | Allocations: 2804)


Started GET "/api/v1/show/$params.id" for 127.0.0.1 at 2024-10-01 22:32:26 +0000
Processing by Api::V1::RecipesController#show as */*
  Parameters: {"id"=>"$params"}
  [1m[36mRecipe Load (0.8ms)[0m  [1m[34mSELECT "recipes".* FROM "recipes" WHERE "recipes"."id" = $1 LIMIT $2[0m  [["id", nil], ["LIMIT", 1]]
  ↳ app/controllers/api/v1/recipes_controller.rb:34:in `set_recipe'
Completed 404 Not Found in 2ms (ActiveRecord: 0.8ms | Allocations: 952)


  
ActiveRecord::RecordNotFound (Couldn't find Recipe with 'id'=$params):
  
app/controllers/api/v1/recipes_controller.rb:34:in `set_recipe'
Started GET "/api/v1/recipes/index" for 127.0.0.1 at 2024-10-01 22:32:27 +0000
Processing by Api::V1::RecipesController#index as */*
  [1m[36mRecipe Load (0.3ms)[0m  [1m[34mSELECT "recipes".* FROM "recipes" ORDER BY "recipes"."created_at" DESC[0m
  ↳ app/controllers/api/v1/recipes_controller.rb:6:in `index'
Completed 200 OK in 6ms (Views: 5.5ms | ActiveRecord: 0.3ms | Allocations: 1795)


Started GET "/recipe/9" for 127.0.0.1 at 2024-10-01 22:37:16 +0000
Processing by HomepageController#index as HTML
  Parameters: {"path"=>"recipe/9"}
  Rendering layout layouts/application.html.erb
  Rendering homepage/index.html.erb within layouts/application
  Rendered homepage/index.html.erb within layouts/application (Duration: 0.0ms | Allocations: 7)
Started GET "/recipe/9" for 127.0.0.1 at 2024-10-01 22:37:17 +0000
Processing by HomepageController#index as HTML
  Parameters: {"path"=>"recipe/9"}
  Rendering layout layouts/application.html.erb
  Rendering homepage/index.html.erb within layouts/application
  Rendered homepage/index.html.erb within layouts/application (Duration: 0.0ms | Allocations: 7)
  Rendered layout layouts/application.html.erb (Duration: 456.5ms | Allocations: 47772)
Started GET "/api/v1/show/$params.id" for 127.0.0.1 at 2024-10-01 22:37:17 +0000
Completed 200 OK in 484ms (Views: 483.9ms | ActiveRecord: 0.0ms | Allocations: 48688)


Processing by Api::V1::RecipesController#show as */*
  Parameters: {"id"=>"$params"}
  [1m[36mRecipe Load (1.8ms)[0m  [1m[34mSELECT "recipes".* FROM "recipes" WHERE "recipes"."id" = $1 LIMIT $2[0m  [["id", nil], ["LIMIT", 1]]
  ↳ app/controllers/api/v1/recipes_controller.rb:34:in `set_recipe'
Completed 404 Not Found in 9ms (ActiveRecord: 1.8ms | Allocations: 951)


  
ActiveRecord::RecordNotFound (Couldn't find Recipe with 'id'=$params):
  
app/controllers/api/v1/recipes_controller.rb:34:in `set_recipe'
  Rendered layout layouts/application.html.erb (Duration: 575.4ms | Allocations: 92771)
Completed 200 OK in 600ms (Views: 600.2ms | ActiveRecord: 0.0ms | Allocations: 95148)


Started GET "/api/v1/recipes/index" for 127.0.0.1 at 2024-10-01 22:37:17 +0000
Processing by Api::V1::RecipesController#index as */*
  [1m[36mRecipe Load (0.4ms)[0m  [1m[34mSELECT "recipes".* FROM "recipes" ORDER BY "recipes"."created_at" DESC[0m
  ↳ app/controllers/api/v1/recipes_controller.rb:6:in `index'
Completed 200 OK in 12ms (Views: 11.0ms | ActiveRecord: 0.4ms | Allocations: 1795)


Started GET "/recipe/9" for 127.0.0.1 at 2024-10-01 22:37:18 +0000
Processing by HomepageController#index as HTML
  Parameters: {"path"=>"recipe/9"}
  Rendering layout layouts/application.html.erb
  Rendering homepage/index.html.erb within layouts/application
  Rendered homepage/index.html.erb within layouts/application (Duration: 0.1ms | Allocations: 7)
  Rendered layout layouts/application.html.erb (Duration: 12.0ms | Allocations: 2594)
Completed 200 OK in 16ms (Views: 16.3ms | ActiveRecord: 0.0ms | Allocations: 2842)


Started GET "/recipe/9" for 127.0.0.1 at 2024-10-01 22:38:25 +0000
Started GET "/api/v1/show/$params.id" for 127.0.0.1 at 2024-10-01 22:38:25 +0000
  [1m[36mActiveRecord::SchemaMigration Pluck (0.6ms)[0m  [1m[34mSELECT "schema_migrations"."version" FROM "schema_migrations" ORDER BY "schema_migrations"."version" ASC[0m
Processing by HomepageController#index as HTML
  Parameters: {"path"=>"recipe/9"}
Processing by Api::V1::RecipesController#show as */*
  Parameters: {"id"=>"$params"}
  Rendering layout layouts/application.html.erb
  Rendering homepage/index.html.erb within layouts/application
  Rendered homepage/index.html.erb within layouts/application (Duration: 6.9ms | Allocations: 582)
  [1m[36mRecipe Load (0.3ms)[0m  [1m[34mSELECT "recipes".* FROM "recipes" WHERE "recipes"."id" = $1 LIMIT $2[0m  [["id", nil], ["LIMIT", 1]]
  ↳ app/controllers/api/v1/recipes_controller.rb:34:in `set_recipe'
Completed 404 Not Found in 59ms (ActiveRecord: 31.5ms | Allocations: 13393)


  
ActiveRecord::RecordNotFound (Couldn't find Recipe with 'id'=$params):
  
app/controllers/api/v1/recipes_controller.rb:34:in `set_recipe'
Started GET "/api/v1/recipes/index" for 127.0.0.1 at 2024-10-01 22:38:25 +0000
Processing by Api::V1::RecipesController#index as */*
  [1m[36mRecipe Load (0.5ms)[0m  [1m[34mSELECT "recipes".* FROM "recipes" ORDER BY "recipes"."created_at" DESC[0m
  ↳ app/controllers/api/v1/recipes_controller.rb:6:in `index'
Completed 200 OK in 25ms (Views: 23.7ms | ActiveRecord: 0.5ms | Allocations: 6851)


Started GET "/recipe/9" for 127.0.0.1 at 2024-10-01 22:38:26 +0000
Processing by HomepageController#index as HTML
  Parameters: {"path"=>"recipe/9"}
  Rendering layout layouts/application.html.erb
  Rendering homepage/index.html.erb within layouts/application
  Rendered homepage/index.html.erb within layouts/application (Duration: 0.0ms | Allocations: 9)
  Rendered layout layouts/application.html.erb (Duration: 1219.3ms | Allocations: 184810)
Completed 200 OK in 1262ms (Views: 1240.9ms | ActiveRecord: 0.0ms | Allocations: 193137)


  Rendered layout layouts/application.html.erb (Duration: 751.0ms | Allocations: 23689)
Completed 200 OK in 754ms (Views: 753.5ms | ActiveRecord: 0.0ms | Allocations: 23981)


Started GET "/recipe/8" for 127.0.0.1 at 2024-10-01 22:40:38 +0000
Processing by HomepageController#index as HTML
  Parameters: {"path"=>"recipe/8"}
  Rendering layout layouts/application.html.erb
  Rendering homepage/index.html.erb within layouts/application
  Rendered homepage/index.html.erb within layouts/application (Duration: 0.0ms | Allocations: 7)
Started GET "/api/v1/show/$params.id" for 127.0.0.1 at 2024-10-01 22:40:38 +0000
Processing by Api::V1::RecipesController#show as */*
  Parameters: {"id"=>"$params"}
  [1m[36mRecipe Load (0.3ms)[0m  [1m[34mSELECT "recipes".* FROM "recipes" WHERE "recipes"."id" = $1 LIMIT $2[0m  [["id", nil], ["LIMIT", 1]]
  ↳ app/controllers/api/v1/recipes_controller.rb:34:in `set_recipe'
Completed 404 Not Found in 5ms (ActiveRecord: 0.4ms | Allocations: 1115)


  
ActiveRecord::RecordNotFound (Couldn't find Recipe with 'id'=$params):
  
app/controllers/api/v1/recipes_controller.rb:34:in `set_recipe'
  Rendered layout layouts/application.html.erb (Duration: 804.2ms | Allocations: 167399)
Completed 200 OK in 805ms (Views: 805.2ms | ActiveRecord: 0.0ms | Allocations: 167649)


Started GET "/api/v1/recipes/index" for 127.0.0.1 at 2024-10-01 22:40:39 +0000
Processing by Api::V1::RecipesController#index as */*
  [1m[36mRecipe Load (0.7ms)[0m  [1m[34mSELECT "recipes".* FROM "recipes" ORDER BY "recipes"."created_at" DESC[0m
  ↳ app/controllers/api/v1/recipes_controller.rb:6:in `index'
Completed 200 OK in 7ms (Views: 5.3ms | ActiveRecord: 0.7ms | Allocations: 1858)


Started GET "/recipe/8" for 127.0.0.1 at 2024-10-01 22:42:29 +0000
Processing by HomepageController#index as HTML
  Parameters: {"path"=>"recipe/8"}
  Rendering layout layouts/application.html.erb
  Rendering homepage/index.html.erb within layouts/application
  Rendered homepage/index.html.erb within layouts/application (Duration: 0.0ms | Allocations: 12)
  Rendered layout layouts/application.html.erb (Duration: 7.6ms | Allocations: 2855)
Completed 200 OK in 10ms (Views: 9.7ms | ActiveRecord: 0.0ms | Allocations: 3477)


Started GET "/api/v1/show/$params.id" for 127.0.0.1 at 2024-10-01 22:42:29 +0000
Processing by Api::V1::RecipesController#show as */*
  Parameters: {"id"=>"$params"}
  [1m[36mRecipe Load (0.4ms)[0m  [1m[34mSELECT "recipes".* FROM "recipes" WHERE "recipes"."id" = $1 LIMIT $2[0m  [["id", nil], ["LIMIT", 1]]
  ↳ app/controllers/api/v1/recipes_controller.rb:35:in `set_recipe'
Completed 404 Not Found in 212887ms (ActiveRecord: 8.2ms | Allocations: 37577)


  
ActiveRecord::RecordNotFound (Couldn't find Recipe with 'id'=$params):
  
app/controllers/api/v1/recipes_controller.rb:35:in `set_recipe'
Started GET "/api/v1/recipes/index" for 127.0.0.1 at 2024-10-01 22:46:02 +0000
Processing by Api::V1::RecipesController#index as */*
  [1m[36mRecipe Load (0.3ms)[0m  [1m[34mSELECT "recipes".* FROM "recipes" ORDER BY "recipes"."created_at" DESC[0m
  ↳ app/controllers/api/v1/recipes_controller.rb:6:in `index'
Completed 200 OK in 8ms (Views: 6.8ms | ActiveRecord: 0.3ms | Allocations: 3448)


Started GET "/recipe/7" for 127.0.0.1 at 2024-10-01 23:00:08 +0000
Processing by HomepageController#index as HTML
  Parameters: {"path"=>"recipe/7"}
  Rendering layout layouts/application.html.erb
  Rendering homepage/index.html.erb within layouts/application
  Rendered homepage/index.html.erb within layouts/application (Duration: 0.0ms | Allocations: 12)
Started GET "/api/v1/show/$params.id" for 127.0.0.1 at 2024-10-01 23:00:08 +0000
  Rendered layout layouts/application.html.erb (Duration: 441.4ms | Allocations: 44760)
Completed 200 OK in 447ms (Views: 444.0ms | ActiveRecord: 0.0ms | Allocations: 45380)


Processing by Api::V1::RecipesController#show as */*
  Parameters: {"id"=>"$params"}
  [1m[36mRecipe Load (0.3ms)[0m  [1m[34mSELECT "recipes".* FROM "recipes" WHERE "recipes"."id" = $1 LIMIT $2[0m  [["id", nil], ["LIMIT", 1]]
  ↳ app/controllers/api/v1/recipes_controller.rb:34:in `set_recipe'
Completed 404 Not Found in 20ms (ActiveRecord: 5.0ms | Allocations: 5912)


  
ActiveRecord::RecordNotFound (Couldn't find Recipe with 'id'=$params):
  
app/controllers/api/v1/recipes_controller.rb:34:in `set_recipe'
Started GET "/api/v1/recipes/index" for 127.0.0.1 at 2024-10-01 23:00:09 +0000
Processing by Api::V1::RecipesController#index as */*
  [1m[36mRecipe Load (0.6ms)[0m  [1m[34mSELECT "recipes".* FROM "recipes" ORDER BY "recipes"."created_at" DESC[0m
  ↳ app/controllers/api/v1/recipes_controller.rb:6:in `index'
Completed 200 OK in 16ms (Views: 14.6ms | ActiveRecord: 0.6ms | Allocations: 3447)


Started GET "/recipe/7" for 127.0.0.1 at 2024-10-01 23:01:57 +0000
Processing by HomepageController#index as HTML
  Parameters: {"path"=>"recipe/7"}
  Rendering layout layouts/application.html.erb
  Rendering homepage/index.html.erb within layouts/application
  Rendered homepage/index.html.erb within layouts/application (Duration: 0.0ms | Allocations: 12)
Started GET "/api/v1/show/$params.id" for 127.0.0.1 at 2024-10-01 23:01:58 +0000
Processing by Api::V1::RecipesController#show as */*
  Parameters: {"id"=>"$params"}
  [1m[36mRecipe Load (0.2ms)[0m  [1m[34mSELECT "recipes".* FROM "recipes" WHERE "recipes"."id" = $1 LIMIT $2[0m  [["id", nil], ["LIMIT", 1]]
  ↳ app/controllers/api/v1/recipes_controller.rb:34:in `set_recipe'
Completed 404 Not Found in 4ms (ActiveRecord: 0.2ms | Allocations: 1031)


  
ActiveRecord::RecordNotFound (Couldn't find Recipe with 'id'=$params):
  
app/controllers/api/v1/recipes_controller.rb:34:in `set_recipe'
  Rendered layout layouts/application.html.erb (Duration: 689.4ms | Allocations: 116980)
Completed 200 OK in 691ms (Views: 690.9ms | ActiveRecord: 0.0ms | Allocations: 117583)


Started GET "/api/v1/recipes/index" for 127.0.0.1 at 2024-10-01 23:01:58 +0000
Processing by Api::V1::RecipesController#index as */*
  [1m[36mRecipe Load (0.3ms)[0m  [1m[34mSELECT "recipes".* FROM "recipes" ORDER BY "recipes"."created_at" DESC[0m
  ↳ app/controllers/api/v1/recipes_controller.rb:6:in `index'
Completed 200 OK in 10ms (Views: 9.0ms | ActiveRecord: 0.3ms | Allocations: 1887)


Started GET "/recipe/7" for 127.0.0.1 at 2024-10-01 23:01:58 +0000
Processing by HomepageController#index as HTML
  Parameters: {"path"=>"recipe/7"}
  Rendering layout layouts/application.html.erb
  Rendering homepage/index.html.erb within layouts/application
  Rendered homepage/index.html.erb within layouts/application (Duration: 0.0ms | Allocations: 7)
  Rendered layout layouts/application.html.erb (Duration: 4.4ms | Allocations: 2553)
Completed 200 OK in 5ms (Views: 5.0ms | ActiveRecord: 0.0ms | Allocations: 2802)


Started GET "/recipe/7" for 127.0.0.1 at 2024-10-01 23:02:00 +0000
Processing by HomepageController#index as HTML
  Parameters: {"path"=>"recipe/7"}
  Rendering layout layouts/application.html.erb
  Rendering homepage/index.html.erb within layouts/application
  Rendered homepage/index.html.erb within layouts/application (Duration: 0.0ms | Allocations: 7)
  Rendered layout layouts/application.html.erb (Duration: 8.7ms | Allocations: 2551)
Completed 200 OK in 10ms (Views: 9.6ms | ActiveRecord: 0.0ms | Allocations: 2798)


Started GET "/api/v1/show/$params.id" for 127.0.0.1 at 2024-10-01 23:02:01 +0000
Processing by Api::V1::RecipesController#show as */*
  Parameters: {"id"=>"$params"}
  [1m[36mRecipe Load (0.2ms)[0m  [1m[34mSELECT "recipes".* FROM "recipes" WHERE "recipes"."id" = $1 LIMIT $2[0m  [["id", nil], ["LIMIT", 1]]
  ↳ app/controllers/api/v1/recipes_controller.rb:34:in `set_recipe'
Completed 404 Not Found in 5ms (ActiveRecord: 0.2ms | Allocations: 951)


  
ActiveRecord::RecordNotFound (Couldn't find Recipe with 'id'=$params):
  
app/controllers/api/v1/recipes_controller.rb:34:in `set_recipe'
Started GET "/api/v1/recipes/index" for 127.0.0.1 at 2024-10-01 23:02:01 +0000
Processing by Api::V1::RecipesController#index as */*
  [1m[36mRecipe Load (0.3ms)[0m  [1m[34mSELECT "recipes".* FROM "recipes" ORDER BY "recipes"."created_at" DESC[0m
  ↳ app/controllers/api/v1/recipes_controller.rb:6:in `index'
Completed 200 OK in 8ms (Views: 3.9ms | ActiveRecord: 0.3ms | Allocations: 1795)


Started GET "/recipe/7" for 127.0.0.1 at 2024-10-01 23:02:01 +0000
Processing by HomepageController#index as HTML
  Parameters: {"path"=>"recipe/7"}
  Rendering layout layouts/application.html.erb
  Rendering homepage/index.html.erb within layouts/application
  Rendered homepage/index.html.erb within layouts/application (Duration: 0.0ms | Allocations: 7)
  Rendered layout layouts/application.html.erb (Duration: 7.9ms | Allocations: 2550)
Completed 200 OK in 11ms (Views: 8.4ms | ActiveRecord: 0.0ms | Allocations: 2797)


Started GET "/recipe/8" for 127.0.0.1 at 2024-10-01 23:02:02 +0000
Processing by HomepageController#index as HTML
  Parameters: {"path"=>"recipe/8"}
  Rendering layout layouts/application.html.erb
  Rendering homepage/index.html.erb within layouts/application
  Rendered homepage/index.html.erb within layouts/application (Duration: 0.0ms | Allocations: 7)
  Rendered layout layouts/application.html.erb (Duration: 13.5ms | Allocations: 2560)
Completed 200 OK in 15ms (Views: 14.5ms | ActiveRecord: 0.0ms | Allocations: 2807)


Started GET "/api/v1/show/$params.id" for 127.0.0.1 at 2024-10-01 23:02:02 +0000
Processing by Api::V1::RecipesController#show as */*
  Parameters: {"id"=>"$params"}
  [1m[36mRecipe Load (0.7ms)[0m  [1m[34mSELECT "recipes".* FROM "recipes" WHERE "recipes"."id" = $1 LIMIT $2[0m  [["id", nil], ["LIMIT", 1]]
  ↳ app/controllers/api/v1/recipes_controller.rb:34:in `set_recipe'
Completed 404 Not Found in 9ms (ActiveRecord: 0.7ms | Allocations: 951)


  
ActiveRecord::RecordNotFound (Couldn't find Recipe with 'id'=$params):
  
app/controllers/api/v1/recipes_controller.rb:34:in `set_recipe'
Started GET "/api/v1/recipes/index" for 127.0.0.1 at 2024-10-01 23:02:03 +0000
Processing by Api::V1::RecipesController#index as */*
  [1m[36mRecipe Load (0.2ms)[0m  [1m[34mSELECT "recipes".* FROM "recipes" ORDER BY "recipes"."created_at" DESC[0m
  ↳ app/controllers/api/v1/recipes_controller.rb:6:in `index'
Completed 200 OK in 4ms (Views: 3.5ms | ActiveRecord: 0.2ms | Allocations: 1795)


Started GET "/recipe/8" for 127.0.0.1 at 2024-10-01 23:02:03 +0000
Processing by HomepageController#index as HTML
  Parameters: {"path"=>"recipe/8"}
  Rendering layout layouts/application.html.erb
  Rendering homepage/index.html.erb within layouts/application
  Rendered homepage/index.html.erb within layouts/application (Duration: 0.0ms | Allocations: 7)
  Rendered layout layouts/application.html.erb (Duration: 23.9ms | Allocations: 2550)
Completed 200 OK in 29ms (Views: 28.7ms | ActiveRecord: 0.0ms | Allocations: 2797)


Started GET "/" for 127.0.0.1 at 2024-10-01 23:04:57 +0000
  [1m[36mActiveRecord::SchemaMigration Pluck (0.4ms)[0m  [1m[34mSELECT "schema_migrations"."version" FROM "schema_migrations" ORDER BY "schema_migrations"."version" ASC[0m
Processing by HomepageController#index as HTML
  Rendering layout layouts/application.html.erb
  Rendering homepage/index.html.erb within layouts/application
  Rendered homepage/index.html.erb within layouts/application (Duration: 0.7ms | Allocations: 319)
  Rendered layout layouts/application.html.erb (Duration: 575.4ms | Allocations: 27059)
Completed 200 OK in 590ms (Views: 584.8ms | ActiveRecord: 0.0ms | Allocations: 31128)


Started GET "/recipes" for 127.0.0.1 at 2024-10-01 23:04:59 +0000
Processing by HomepageController#index as HTML
  Parameters: {"path"=>"recipes"}
  Rendering layout layouts/application.html.erb
  Rendering homepage/index.html.erb within layouts/application
  Rendered homepage/index.html.erb within layouts/application (Duration: 0.0ms | Allocations: 9)
  Rendered layout layouts/application.html.erb (Duration: 13.6ms | Allocations: 2654)
Completed 200 OK in 15ms (Views: 14.3ms | ActiveRecord: 0.0ms | Allocations: 2962)


Started GET "/api/v1/recipes/index" for 127.0.0.1 at 2024-10-01 23:04:59 +0000
Processing by Api::V1::RecipesController#index as */*
  [1m[36mRecipe Load (4.2ms)[0m  [1m[34mSELECT "recipes".* FROM "recipes" ORDER BY "recipes"."created_at" DESC[0m
  ↳ app/controllers/api/v1/recipes_controller.rb:6:in `index'
Completed 200 OK in 50ms (Views: 25.3ms | ActiveRecord: 13.2ms | Allocations: 8694)


Started GET "/recipe/4" for 127.0.0.1 at 2024-10-01 23:05:02 +0000
Processing by HomepageController#index as HTML
  Parameters: {"path"=>"recipe/4"}
  Rendering layout layouts/application.html.erb
  Rendering homepage/index.html.erb within layouts/application
  Rendered homepage/index.html.erb within layouts/application (Duration: 0.2ms | Allocations: 9)
  Rendered layout layouts/application.html.erb (Duration: 11.2ms | Allocations: 2732)
Completed 200 OK in 12ms (Views: 11.9ms | ActiveRecord: 0.0ms | Allocations: 3027)


Started GET "/api/v1/show/4" for 127.0.0.1 at 2024-10-01 23:05:02 +0000
Processing by Api::V1::RecipesController#show as */*
  Parameters: {"id"=>"4"}
  [1m[36mRecipe Load (0.3ms)[0m  [1m[34mSELECT "recipes".* FROM "recipes" WHERE "recipes"."id" = $1 LIMIT $2[0m  [["id", 4], ["LIMIT", 1]]
  ↳ app/controllers/api/v1/recipes_controller.rb:34:in `set_recipe'
Completed 200 OK in 13ms (Views: 5.7ms | ActiveRecord: 1.3ms | Allocations: 2765)


Started GET "/recipe/4" for 127.0.0.1 at 2024-10-01 23:06:09 +0000
Processing by HomepageController#index as HTML
  Parameters: {"path"=>"recipe/4"}
  Rendering layout layouts/application.html.erb
  Rendering homepage/index.html.erb within layouts/application
  Rendered homepage/index.html.erb within layouts/application (Duration: 0.0ms | Allocations: 9)
  Rendered layout layouts/application.html.erb (Duration: 449.4ms | Allocations: 44022)
Completed 200 OK in 450ms (Views: 449.8ms | ActiveRecord: 0.0ms | Allocations: 44297)


Started GET "/recipe/4" for 127.0.0.1 at 2024-10-01 23:06:14 +0000
Processing by HomepageController#index as HTML
  Parameters: {"path"=>"recipe/4"}
  Rendering layout layouts/application.html.erb
  Rendering homepage/index.html.erb within layouts/application
  Rendered homepage/index.html.erb within layouts/application (Duration: 0.0ms | Allocations: 7)
  Rendered layout layouts/application.html.erb (Duration: 7.3ms | Allocations: 2563)
Completed 200 OK in 8ms (Views: 7.7ms | ActiveRecord: 0.0ms | Allocations: 2808)


Started GET "/api/v1/recipes/index" for 127.0.0.1 at 2024-10-01 23:06:15 +0000
Processing by Api::V1::RecipesController#index as */*
  [1m[36mRecipe Load (0.2ms)[0m  [1m[34mSELECT "recipes".* FROM "recipes" ORDER BY "recipes"."created_at" DESC[0m
  ↳ app/controllers/api/v1/recipes_controller.rb:6:in `index'
Completed 200 OK in 4ms (Views: 3.1ms | ActiveRecord: 0.2ms | Allocations: 1826)


Started GET "/recipe/7" for 127.0.0.1 at 2024-10-01 23:06:16 +0000
Processing by HomepageController#index as HTML
  Parameters: {"path"=>"recipe/7"}
  Rendering layout layouts/application.html.erb
  Rendering homepage/index.html.erb within layouts/application
  Rendered homepage/index.html.erb within layouts/application (Duration: 0.0ms | Allocations: 7)
  Rendered layout layouts/application.html.erb (Duration: 7.8ms | Allocations: 2556)
Completed 200 OK in 9ms (Views: 8.8ms | ActiveRecord: 0.0ms | Allocations: 2804)


Started GET "/api/v1/recipes/index" for 127.0.0.1 at 2024-10-01 23:07:12 +0000
  [1m[36mActiveRecord::SchemaMigration Pluck (0.9ms)[0m  [1m[34mSELECT "schema_migrations"."version" FROM "schema_migrations" ORDER BY "schema_migrations"."version" ASC[0m
Processing by Api::V1::RecipesController#index as */*
  [1m[36mRecipe Load (0.6ms)[0m  [1m[34mSELECT "recipes".* FROM "recipes" ORDER BY "recipes"."created_at" DESC[0m
  ↳ app/controllers/api/v1/recipes_controller.rb:6:in `index'
Completed 200 OK in 32ms (Views: 17.4ms | ActiveRecord: 6.9ms | Allocations: 9898)


Started GET "/recipe/7" for 127.0.0.1 at 2024-10-01 23:07:13 +0000
Processing by HomepageController#index as HTML
  Parameters: {"path"=>"recipe/7"}
  Rendering layout layouts/application.html.erb
  Rendering homepage/index.html.erb within layouts/application
  Rendered homepage/index.html.erb within layouts/application (Duration: 0.8ms | Allocations: 316)
  Rendered layout layouts/application.html.erb (Duration: 606.6ms | Allocations: 27153)
Completed 200 OK in 612ms (Views: 609.0ms | ActiveRecord: 0.0ms | Allocations: 30032)


Started GET "/recipe/8" for 127.0.0.1 at 2024-10-01 23:07:13 +0000
Processing by HomepageController#index as HTML
  Parameters: {"path"=>"recipe/8"}
  Rendering layout layouts/application.html.erb
  Rendering homepage/index.html.erb within layouts/application
  Rendered homepage/index.html.erb within layouts/application (Duration: 0.1ms | Allocations: 7)
  Rendered layout layouts/application.html.erb (Duration: 4.8ms | Allocations: 2561)
Completed 200 OK in 6ms (Views: 5.3ms | ActiveRecord: 0.0ms | Allocations: 2847)


Started GET "/recipe/8" for 127.0.0.1 at 2024-10-01 23:10:26 +0000
Processing by HomepageController#index as HTML
  Parameters: {"path"=>"recipe/8"}
  Rendering layout layouts/application.html.erb
  Rendering homepage/index.html.erb within layouts/application
  Rendered homepage/index.html.erb within layouts/application (Duration: 0.0ms | Allocations: 7)
  Rendered layout layouts/application.html.erb (Duration: 401.0ms | Allocations: 43780)
Completed 200 OK in 402ms (Views: 401.7ms | ActiveRecord: 0.0ms | Allocations: 44028)


Started GET "/api/v1/recipes/index" for 127.0.0.1 at 2024-10-01 23:10:29 +0000
Processing by Api::V1::RecipesController#index as */*
  [1m[36mRecipe Load (0.3ms)[0m  [1m[34mSELECT "recipes".* FROM "recipes" ORDER BY "recipes"."created_at" DESC[0m
  ↳ app/controllers/api/v1/recipes_controller.rb:6:in `index'
Completed 200 OK in 31ms (Views: 21.5ms | ActiveRecord: 0.3ms | Allocations: 1928)


Started GET "/recipe/6" for 127.0.0.1 at 2024-10-01 23:10:30 +0000
Processing by HomepageController#index as HTML
  Parameters: {"path"=>"recipe/6"}
  Rendering layout layouts/application.html.erb
  Rendering homepage/index.html.erb within layouts/application
  Rendered homepage/index.html.erb within layouts/application (Duration: 0.0ms | Allocations: 7)
  Rendered layout layouts/application.html.erb (Duration: 52.8ms | Allocations: 2551)
Completed 200 OK in 54ms (Views: 53.3ms | ActiveRecord: 0.0ms | Allocations: 2798)


Started GET "/recipe/8" for 127.0.0.1 at 2024-10-01 23:10:31 +0000
Processing by HomepageController#index as HTML
  Parameters: {"path"=>"recipe/8"}
  Rendering layout layouts/application.html.erb
  Rendering homepage/index.html.erb within layouts/application
  Rendered homepage/index.html.erb within layouts/application (Duration: 0.1ms | Allocations: 7)
  Rendered layout layouts/application.html.erb (Duration: 9.7ms | Allocations: 2549)
Completed 200 OK in 12ms (Views: 11.5ms | ActiveRecord: 0.0ms | Allocations: 2799)


Started GET "/recipe/8" for 127.0.0.1 at 2024-10-01 23:10:56 +0000
  [1m[36mActiveRecord::SchemaMigration Pluck (0.5ms)[0m  [1m[34mSELECT "schema_migrations"."version" FROM "schema_migrations" ORDER BY "schema_migrations"."version" ASC[0m
Processing by HomepageController#index as HTML
  Parameters: {"path"=>"recipe/8"}
  Rendering layout layouts/application.html.erb
  Rendering homepage/index.html.erb within layouts/application
  Rendered homepage/index.html.erb within layouts/application (Duration: 1.1ms | Allocations: 318)
  Rendered layout layouts/application.html.erb (Duration: 559.0ms | Allocations: 27218)
Completed 200 OK in 572ms (Views: 561.8ms | ActiveRecord: 0.0ms | Allocations: 31287)


Started GET "/api/v1/recipes/index" for 127.0.0.1 at 2024-10-01 23:11:21 +0000
Processing by Api::V1::RecipesController#index as */*
  [1m[36mRecipe Load (0.6ms)[0m  [1m[34mSELECT "recipes".* FROM "recipes" ORDER BY "recipes"."created_at" DESC[0m
  ↳ app/controllers/api/v1/recipes_controller.rb:6:in `index'
Completed 200 OK in 29ms (Views: 16.4ms | ActiveRecord: 6.9ms | Allocations: 8693)


Started GET "/recipe/2" for 127.0.0.1 at 2024-10-01 23:11:23 +0000
Processing by HomepageController#index as HTML
  Parameters: {"path"=>"recipe/2"}
  Rendering layout layouts/application.html.erb
  Rendering homepage/index.html.erb within layouts/application
  Rendered homepage/index.html.erb within layouts/application (Duration: 0.0ms | Allocations: 9)
  Rendered layout layouts/application.html.erb (Duration: 9.6ms | Allocations: 2738)
Completed 200 OK in 11ms (Views: 10.5ms | ActiveRecord: 0.0ms | Allocations: 3034)


Started GET "/recipe/2" for 127.0.0.1 at 2024-10-01 23:12:15 +0000
Processing by HomepageController#index as HTML
  Parameters: {"path"=>"recipe/2"}
  Rendering layout layouts/application.html.erb
  Rendering homepage/index.html.erb within layouts/application
  Rendered homepage/index.html.erb within layouts/application (Duration: 0.0ms | Allocations: 7)
  Rendered layout layouts/application.html.erb (Duration: 463.6ms | Allocations: 43894)
Completed 200 OK in 464ms (Views: 464.0ms | ActiveRecord: 0.0ms | Allocations: 44142)


Started GET "/recipe/2" for 127.0.0.1 at 2024-10-01 23:12:21 +0000
Processing by HomepageController#index as HTML
  Parameters: {"path"=>"recipe/2"}
  Rendering layout layouts/application.html.erb
  Rendering homepage/index.html.erb within layouts/application
  Rendered homepage/index.html.erb within layouts/application (Duration: 0.1ms | Allocations: 7)
  Rendered layout layouts/application.html.erb (Duration: 454.5ms | Allocations: 43729)
Completed 200 OK in 455ms (Views: 455.0ms | ActiveRecord: 0.0ms | Allocations: 43974)


Started GET "/recipe/2" for 127.0.0.1 at 2024-10-01 23:12:36 +0000
Processing by HomepageController#index as HTML
  Parameters: {"path"=>"recipe/2"}
  Rendering layout layouts/application.html.erb
  Rendering homepage/index.html.erb within layouts/application
  Rendered homepage/index.html.erb within layouts/application (Duration: 0.0ms | Allocations: 7)
  Rendered layout layouts/application.html.erb (Duration: 445.5ms | Allocations: 43720)
Completed 200 OK in 446ms (Views: 446.1ms | ActiveRecord: 0.0ms | Allocations: 43966)


Started GET "/recipe/2" for 127.0.0.1 at 2024-10-01 23:12:56 +0000
Processing by HomepageController#index as HTML
  Parameters: {"path"=>"recipe/2"}
  Rendering layout layouts/application.html.erb
  Rendering homepage/index.html.erb within layouts/application
  Rendered homepage/index.html.erb within layouts/application (Duration: 0.0ms | Allocations: 7)
  Rendered layout layouts/application.html.erb (Duration: 512.6ms | Allocations: 43725)
Completed 200 OK in 516ms (Views: 515.2ms | ActiveRecord: 0.0ms | Allocations: 43973)


Started GET "/api/v1/recipes/index" for 127.0.0.1 at 2024-10-01 23:13:37 +0000
  [1m[36mActiveRecord::SchemaMigration Pluck (3.2ms)[0m  [1m[34mSELECT "schema_migrations"."version" FROM "schema_migrations" ORDER BY "schema_migrations"."version" ASC[0m
Processing by Api::V1::RecipesController#index as */*
  [1m[36mRecipe Load (1.0ms)[0m  [1m[34mSELECT "recipes".* FROM "recipes" ORDER BY "recipes"."created_at" DESC[0m
  ↳ app/controllers/api/v1/recipes_controller.rb:6:in `index'
Completed 200 OK in 81ms (Views: 43.6ms | ActiveRecord: 13.9ms | Allocations: 9897)


Started GET "/recipe/8" for 127.0.0.1 at 2024-10-01 23:13:38 +0000
Processing by HomepageController#index as HTML
  Parameters: {"path"=>"recipe/8"}
  Rendering layout layouts/application.html.erb
  Rendering homepage/index.html.erb within layouts/application
  Rendered homepage/index.html.erb within layouts/application (Duration: 0.8ms | Allocations: 316)
  Rendered layout layouts/application.html.erb (Duration: 1039.8ms | Allocations: 52050)
Completed 200 OK in 1052ms (Views: 1047.3ms | ActiveRecord: 0.0ms | Allocations: 54929)


Started GET "/api/v1/recipes/index" for 127.0.0.1 at 2024-10-01 23:13:42 +0000
Processing by Api::V1::RecipesController#index as */*
  [1m[36mRecipe Load (0.3ms)[0m  [1m[34mSELECT "recipes".* FROM "recipes" ORDER BY "recipes"."created_at" DESC[0m
  ↳ app/controllers/api/v1/recipes_controller.rb:6:in `index'
Completed 200 OK in 5ms (Views: 4.1ms | ActiveRecord: 0.3ms | Allocations: 1946)


Started GET "/recipe/5" for 127.0.0.1 at 2024-10-01 23:13:44 +0000
Processing by HomepageController#index as HTML
  Parameters: {"path"=>"recipe/5"}
  Rendering layout layouts/application.html.erb
  Rendering homepage/index.html.erb within layouts/application
  Rendered homepage/index.html.erb within layouts/application (Duration: 0.1ms | Allocations: 7)
  Rendered layout layouts/application.html.erb (Duration: 31.0ms | Allocations: 2768)
Completed 200 OK in 35ms (Views: 34.3ms | ActiveRecord: 0.0ms | Allocations: 3037)


Started GET "/recipe/5" for 127.0.0.1 at 2024-10-01 23:15:00 +0000
  [1m[36mActiveRecord::SchemaMigration Pluck (0.4ms)[0m  [1m[34mSELECT "schema_migrations"."version" FROM "schema_migrations" ORDER BY "schema_migrations"."version" ASC[0m
Processing by HomepageController#index as HTML
  Parameters: {"path"=>"recipe/5"}
  Rendering layout layouts/application.html.erb
  Rendering homepage/index.html.erb within layouts/application
  Rendered homepage/index.html.erb within layouts/application (Duration: 0.7ms | Allocations: 318)
  Rendered layout layouts/application.html.erb (Duration: 1032.1ms | Allocations: 68149)
Completed 200 OK in 1042ms (Views: 1035.1ms | ActiveRecord: 0.0ms | Allocations: 72218)


Started GET "/api/v1/show/5" for 127.0.0.1 at 2024-10-01 23:15:01 +0000
Processing by Api::V1::RecipesController#show as */*
  Parameters: {"id"=>"5"}
  [1m[36mRecipe Load (0.4ms)[0m  [1m[34mSELECT "recipes".* FROM "recipes" WHERE "recipes"."id" = $1 LIMIT $2[0m  [["id", 5], ["LIMIT", 1]]
  ↳ app/controllers/api/v1/recipes_controller.rb:34:in `set_recipe'
Completed 200 OK in 173ms (Views: 12.7ms | ActiveRecord: 10.9ms | Allocations: 9367)


Started GET "/recipe/5" for 127.0.0.1 at 2024-10-01 23:15:57 +0000
Processing by HomepageController#index as HTML
  Parameters: {"path"=>"recipe/5"}
  Rendering layout layouts/application.html.erb
  Rendering homepage/index.html.erb within layouts/application
  Rendered homepage/index.html.erb within layouts/application (Duration: 0.0ms | Allocations: 9)
  Rendered layout layouts/application.html.erb (Duration: 10.1ms | Allocations: 2737)
Completed 200 OK in 13ms (Views: 11.2ms | ActiveRecord: 0.0ms | Allocations: 3019)


Started GET "/api/v1/show/5" for 127.0.0.1 at 2024-10-01 23:15:57 +0000
Processing by Api::V1::RecipesController#show as */*
  Parameters: {"id"=>"5"}
  [1m[36mRecipe Load (1.5ms)[0m  [1m[34mSELECT "recipes".* FROM "recipes" WHERE "recipes"."id" = $1 LIMIT $2[0m  [["id", 5], ["LIMIT", 1]]
  ↳ app/controllers/api/v1/recipes_controller.rb:34:in `set_recipe'
Completed 200 OK in 8ms (Views: 0.3ms | ActiveRecord: 1.5ms | Allocations: 783)


Started GET "/api/v1/recipes/index" for 127.0.0.1 at 2024-10-01 23:15:59 +0000
Processing by Api::V1::RecipesController#index as */*
  [1m[36mRecipe Load (1.4ms)[0m  [1m[34mSELECT "recipes".* FROM "recipes" ORDER BY "recipes"."created_at" DESC[0m
  ↳ app/controllers/api/v1/recipes_controller.rb:6:in `index'
Completed 200 OK in 7ms (Views: 4.7ms | ActiveRecord: 1.4ms | Allocations: 1922)


Started GET "/recipe/8" for 127.0.0.1 at 2024-10-01 23:16:00 +0000
Processing by HomepageController#index as HTML
  Parameters: {"path"=>"recipe/8"}
  Rendering layout layouts/application.html.erb
  Rendering homepage/index.html.erb within layouts/application
  Rendered homepage/index.html.erb within layouts/application (Duration: 0.1ms | Allocations: 7)
  Rendered layout layouts/application.html.erb (Duration: 9.2ms | Allocations: 2570)
Completed 200 OK in 12ms (Views: 11.2ms | ActiveRecord: 0.0ms | Allocations: 2820)


Started GET "/api/v1/show/8" for 127.0.0.1 at 2024-10-01 23:16:01 +0000
Processing by Api::V1::RecipesController#show as */*
  Parameters: {"id"=>"8"}
  [1m[36mRecipe Load (0.2ms)[0m  [1m[34mSELECT "recipes".* FROM "recipes" WHERE "recipes"."id" = $1 LIMIT $2[0m  [["id", 8], ["LIMIT", 1]]
  ↳ app/controllers/api/v1/recipes_controller.rb:34:in `set_recipe'
Completed 200 OK in 6ms (Views: 0.3ms | ActiveRecord: 0.2ms | Allocations: 721)


Started GET "/recipe/8" for 127.0.0.1 at 2024-10-01 23:16:21 +0000
Processing by HomepageController#index as HTML
  Parameters: {"path"=>"recipe/8"}
  Rendering layout layouts/application.html.erb
  Rendering homepage/index.html.erb within layouts/application
  Rendered homepage/index.html.erb within layouts/application (Duration: 0.0ms | Allocations: 7)
  Rendered layout layouts/application.html.erb (Duration: 360.3ms | Allocations: 43810)
Completed 200 OK in 361ms (Views: 360.7ms | ActiveRecord: 0.0ms | Allocations: 44058)


Started GET "/api/v1/show/8" for 127.0.0.1 at 2024-10-01 23:16:22 +0000
Processing by Api::V1::RecipesController#show as */*
  Parameters: {"id"=>"8"}
  [1m[36mRecipe Load (0.2ms)[0m  [1m[34mSELECT "recipes".* FROM "recipes" WHERE "recipes"."id" = $1 LIMIT $2[0m  [["id", 8], ["LIMIT", 1]]
  ↳ app/controllers/api/v1/recipes_controller.rb:34:in `set_recipe'
Completed 200 OK in 2ms (Views: 0.5ms | ActiveRecord: 0.2ms | Allocations: 720)


Started GET "/recipe/8" for 127.0.0.1 at 2024-10-01 23:16:33 +0000
Processing by HomepageController#index as HTML
  Parameters: {"path"=>"recipe/8"}
  Rendering layout layouts/application.html.erb
  Rendering homepage/index.html.erb within layouts/application
  Rendered homepage/index.html.erb within layouts/application (Duration: 0.4ms | Allocations: 7)
  Rendered layout layouts/application.html.erb (Duration: 600.9ms | Allocations: 43731)
Completed 200 OK in 602ms (Views: 601.5ms | ActiveRecord: 0.0ms | Allocations: 43976)


Started GET "/api/v1/show/8" for 127.0.0.1 at 2024-10-01 23:16:33 +0000
Processing by Api::V1::RecipesController#show as */*
  Parameters: {"id"=>"8"}
  [1m[36mRecipe Load (0.2ms)[0m  [1m[34mSELECT "recipes".* FROM "recipes" WHERE "recipes"."id" = $1 LIMIT $2[0m  [["id", 8], ["LIMIT", 1]]
  ↳ app/controllers/api/v1/recipes_controller.rb:34:in `set_recipe'
Completed 200 OK in 3ms (Views: 0.4ms | ActiveRecord: 0.2ms | Allocations: 708)


Started GET "/recipe/8" for 127.0.0.1 at 2024-10-01 23:17:11 +0000
Processing by HomepageController#index as HTML
  Parameters: {"path"=>"recipe/8"}
  Rendering layout layouts/application.html.erb
  Rendering homepage/index.html.erb within layouts/application
  Rendered homepage/index.html.erb within layouts/application (Duration: 0.0ms | Allocations: 7)
  Rendered layout layouts/application.html.erb (Duration: 12.1ms | Allocations: 2570)
Completed 200 OK in 13ms (Views: 12.9ms | ActiveRecord: 0.0ms | Allocations: 2816)


Started GET "/api/v1/show/8" for 127.0.0.1 at 2024-10-01 23:17:11 +0000
Processing by Api::V1::RecipesController#show as */*
  Parameters: {"id"=>"8"}
  [1m[36mRecipe Load (0.2ms)[0m  [1m[34mSELECT "recipes".* FROM "recipes" WHERE "recipes"."id" = $1 LIMIT $2[0m  [["id", 8], ["LIMIT", 1]]
  ↳ app/controllers/api/v1/recipes_controller.rb:34:in `set_recipe'
Completed 200 OK in 3ms (Views: 0.3ms | ActiveRecord: 0.2ms | Allocations: 709)


